#
# There is insufficient memory for the Java Runtime Environment to continue.
# Native memory allocation (mmap) failed to map 266338304 bytes for Failed to commit area from 0x0000000703600000 to 0x0000000713400000 of length 266338304.
# Possible reasons:
#   The system is out of physical RAM or swap space
#   The process is running with CompressedOops enabled, and the Java Heap may be blocking the growth of the native heap
# Possible solutions:
#   Reduce memory load on the system
#   Increase physical memory or swap space
#   Check if swap backing store is full
#   Decrease Java heap size (-Xmx/-Xms)
#   Decrease number of Java threads
#   Decrease Java thread stack sizes (-Xss)
#   Set larger code cache with -XX:ReservedCodeCacheSize=
# This output file may be truncated or incomplete.
#
#  Out of Memory Error (./src/hotspot/os/windows/os_windows.cpp:3301), pid=11080, tid=11952
#
# JRE version:  (11.0.10) (build )
# Java VM: OpenJDK 64-Bit Server VM (11.0.10+0-b96-7249189, mixed mode, sharing, tiered, compressed oops, g1 gc, windows-amd64)
# No core dump will be written. Minidumps are not enabled by default on client versions of Windows
#

---------------  S U M M A R Y ------------

Command Line: 

Host: Intel(R) Core(TM) i7-7500U CPU @ 2.70GHz, 4 cores, 15G,  Windows 10 , 64 bit Build 22000 (10.0.22000.675)
Time: Sat May 28 17:46:49 2022 Pakistan Standard Time elapsed time: 0.012073 seconds (0d 0h 0m 0s)

---------------  T H R E A D  ---------------

Current thread (0x0000019aaaaeb800):  JavaThread "Unknown thread" [_thread_in_vm, id=11952, stack(0x0000000673700000,0x0000000673800000)]

Stack: [0x0000000673700000,0x0000000673800000]
Native frames: (J=compiled Java code, j=interpreted, Vv=VM code, C=native code)
V  [jvm.dll+0x5ecfaa]
V  [jvm.dll+0x722bd5]
V  [jvm.dll+0x72412d]
V  [jvm.dll+0x7247e3]
V  [jvm.dll+0x242928]
V  [jvm.dll+0x5ea374]
V  [jvm.dll+0x5df425]
V  [jvm.dll+0x2fdebb]
V  [jvm.dll+0x2fde2a]
V  [jvm.dll+0x2fdd02]
V  [jvm.dll+0x302bf6]
V  [jvm.dll+0x34b2a3]
V  [jvm.dll+0x34b9a6]
V  [jvm.dll+0x34b3a3]
V  [jvm.dll+0x2d8888]
V  [jvm.dll+0x2d9a37]
V  [jvm.dll+0x701737]
V  [jvm.dll+0x702f2c]
V  [jvm.dll+0x3587d9]
V  [jvm.dll+0x6e4fae]
V  [jvm.dll+0x3c0be3]
V  [jvm.dll+0x3c2e91]
C  [jli.dll+0x5373]
C  [ucrtbase.dll+0x26c0c]
C  [KERNEL32.DLL+0x154e0]
C  [ntdll.dll+0x485b]


---------------  P R O C E S S  ---------------

Threads class SMR info:
_java_thread_list=0x0000019aa89930c0, length=0, elements={
}

Java Threads: ( => current thread )

Other Threads:
  0x0000019aaab03800 GCTaskThread "GC Thread#0" [stack: 0x0000000673800000,0x0000000673900000] [id=10836]
  0x0000019aaab60800 ConcurrentGCThread "G1 Main Marker" [stack: 0x0000000673900000,0x0000000673a00000] [id=3756]
  0x0000019aaab63000 ConcurrentGCThread "G1 Conc#0" [stack: 0x0000000673a00000,0x0000000673b00000] [id=6840]

[error occurred during error reporting (printing all threads), id 0xc0000005, EXCEPTION_ACCESS_VIOLATION (0xc0000005) at pc=0x00007ff88b4a9107]

VM state:not at safepoint (not fully initialized)

VM Mutex/Monitor currently owned by a thread:  ([mutex/lock_event])
[0x0000019aaaae9820] Heap_lock - owner thread: 0x0000019aaaaeb800

Heap address: 0x0000000703600000, size: 4042 MB, Compressed Oops mode: Non-zero based: 0x0000000703600000
Narrow klass base: 0x0000000000000000, Narrow klass shift: 0

GC Heap History (0 events):
No events

Deoptimization events (0 events):
No events

Classes redefined (0 events):
No events

Internal exceptions (0 events):
No events

Events (1 events):
Event: 0.006 Loaded shared library C:\Program Files\Android\Android Studio\jre\bin\zip.dll


Dynamic libraries:
0x00007ff739520000 - 0x00007ff73952a000 	C:\Program Files\Android\Android Studio\jre\bin\java.EXE
0x00007ff8f30c0000 - 0x00007ff8f32c9000 	C:\WINDOWS\SYSTEM32\ntdll.dll
0x00007ff8f1160000 - 0x00007ff8f121d000 	C:\WINDOWS\System32\KERNEL32.DLL
0x00007ff8f0a40000 - 0x00007ff8f0db9000 	C:\WINDOWS\System32\KERNELBASE.dll
0x00007ff8f0620000 - 0x00007ff8f0731000 	C:\WINDOWS\System32\ucrtbase.dll
0x00007ff8df880000 - 0x00007ff8df899000 	C:\Program Files\Android\Android Studio\jre\bin\jli.dll
0x00007ff8df860000 - 0x00007ff8df877000 	C:\Program Files\Android\Android Studio\jre\bin\VCRUNTIME140.dll
0x00007ff8f2a80000 - 0x00007ff8f2c2c000 	C:\WINDOWS\System32\USER32.dll
0x00007ff8dbc10000 - 0x00007ff8dbeb5000 	C:\WINDOWS\WinSxS\amd64_microsoft.windows.common-controls_6595b64144ccf1df_6.0.22000.120_none_9d947278b86cc467\COMCTL32.dll
0x00007ff8f08a0000 - 0x00007ff8f08c6000 	C:\WINDOWS\System32\win32u.dll
0x00007ff8f2230000 - 0x00007ff8f22d3000 	C:\WINDOWS\System32\msvcrt.dll
0x00007ff8f2950000 - 0x00007ff8f2979000 	C:\WINDOWS\System32\GDI32.dll
0x00007ff8f0dc0000 - 0x00007ff8f0ed2000 	C:\WINDOWS\System32\gdi32full.dll
0x00007ff8f0740000 - 0x00007ff8f07dd000 	C:\WINDOWS\System32\msvcp_win.dll
0x00007ff8f1120000 - 0x00007ff8f1151000 	C:\WINDOWS\System32\IMM32.DLL
0x00007ff8bb2a0000 - 0x00007ff8bb33d000 	C:\Program Files\Android\Android Studio\jre\bin\msvcp140.dll
0x00007ff88b1c0000 - 0x00007ff88bc8f000 	C:\Program Files\Android\Android Studio\jre\bin\server\jvm.dll
0x00007ff8f18d0000 - 0x00007ff8f197e000 	C:\WINDOWS\System32\ADVAPI32.dll
0x00007ff8f1280000 - 0x00007ff8f131e000 	C:\WINDOWS\System32\sechost.dll
0x00007ff8f2740000 - 0x00007ff8f2860000 	C:\WINDOWS\System32\RPCRT4.dll
0x00007ff8f2720000 - 0x00007ff8f2728000 	C:\WINDOWS\System32\PSAPI.DLL
0x00007ff8daea0000 - 0x00007ff8daea9000 	C:\WINDOWS\SYSTEM32\WSOCK32.dll
0x00007ff8e8ff0000 - 0x00007ff8e9023000 	C:\WINDOWS\SYSTEM32\WINMM.dll
0x00007ff8f22e0000 - 0x00007ff8f234f000 	C:\WINDOWS\System32\WS2_32.dll
0x00007ff8e2fc0000 - 0x00007ff8e2fca000 	C:\WINDOWS\SYSTEM32\VERSION.dll
0x00007ff8ef6b0000 - 0x00007ff8ef6c8000 	C:\WINDOWS\SYSTEM32\kernel.appcore.dll
0x00007ff8df150000 - 0x00007ff8df161000 	C:\Program Files\Android\Android Studio\jre\bin\verify.dll
0x00007ff8ee0e0000 - 0x00007ff8ee301000 	C:\WINDOWS\SYSTEM32\DBGHELP.DLL
0x00007ff8d9390000 - 0x00007ff8d93c1000 	C:\WINDOWS\SYSTEM32\dbgcore.DLL
0x00007ff8f0ee0000 - 0x00007ff8f0f5f000 	C:\WINDOWS\System32\bcryptPrimitives.dll
0x00007ff8d61a0000 - 0x00007ff8d61c9000 	C:\Program Files\Android\Android Studio\jre\bin\java.dll
0x00007ff8e1dd0000 - 0x00007ff8e1ddb000 	C:\Program Files\Android\Android Studio\jre\bin\jimage.dll
0x00007ff8d9270000 - 0x00007ff8d9288000 	C:\Program Files\Android\Android Studio\jre\bin\zip.dll

dbghelp: loaded successfully - version: 4.0.5 - missing functions: none
symbol engine: initialized successfully - sym options: 0x614 - pdb path: .;C:\Program Files\Android\Android Studio\jre\bin;C:\WINDOWS\SYSTEM32;C:\WINDOWS\WinSxS\amd64_microsoft.windows.common-controls_6595b64144ccf1df_6.0.22000.120_none_9d947278b86cc467;C:\Program Files\Android\Android Studio\jre\bin\server

VM Arguments:
java_command: <unknown>
java_class_path (initial): <not set>
Launcher Type: SUN_STANDARD

[Global flags]
     intx CICompilerCount                          = 3                                         {product} {ergonomic}
     uint ConcGCThreads                            = 1                                         {product} {ergonomic}
     uint G1ConcRefinementThreads                  = 4                                         {product} {ergonomic}
   size_t G1HeapRegionSize                         = 1048576                                   {product} {ergonomic}
    uintx GCDrainStackTargetSize                   = 64                                        {product} {ergonomic}
   size_t InitialHeapSize                          = 266338304                                 {product} {ergonomic}
   size_t MarkStackSize                            = 4194304                                   {product} {ergonomic}
   size_t MaxHeapSize                              = 4238344192                                {product} {ergonomic}
   size_t MinHeapDeltaBytes                        = 1048576                                   {product} {ergonomic}
    uintx NonNMethodCodeHeapSize                   = 5830732                                {pd product} {ergonomic}
    uintx NonProfiledCodeHeapSize                  = 122913754                              {pd product} {ergonomic}
    uintx ProfiledCodeHeapSize                     = 122913754                              {pd product} {ergonomic}
    uintx ReservedCodeCacheSize                    = 251658240                              {pd product} {ergonomic}
     bool SegmentedCodeCache                       = true                                      {product} {ergonomic}
     bool UseCompressedClassPointers               = true                                 {lp64_product} {ergonomic}
     bool UseCompressedOops                        = true                                 {lp64_product} {ergonomic}
     bool UseG1GC                                  = true                                      {product} {ergonomic}
     bool UseLargePagesIndividualAllocation        = false                                  {pd product} {ergonomic}

Logging:
Log output configuration:
 #0: stdout all=warning uptime,level,tags
 #1: stderr all=off uptime,level,tags

Environment Variables:
JAVA_HOME=C:\Program Files\Java\jdk-17.0.2
PATH=C:\Program Files\Common Files\Oracle\Java\javapath;C:\Program Files (x86)\Common Files\Oracle\Java\javapath;C:\WINDOWS\system32;C:\WINDOWS;C:\WINDOWS\System32\Wbem;C:\WINDOWS\System32\WindowsPowerShell\v1.0\;C:\WINDOWS\System32\OpenSSH\;C:\flutter\bin;C:\Program Files\Dart\dart-sdk\bin;C:\Program Files\Git\cmd;%JAVA_HOME$\bin;C:\Program Files\Microsoft SQL Server\150\Tools\Binn\;C:\Program Files (x86)\IncrediBuild;C:\Program Files\nodejs\;C:\Users\Muhammad Kamran\AppData\Local\Microsoft\WindowsApps;C:\Program Files\JetBrains\PyCharm Community Edition 2021.2\bin;;C:\Program Files\Dart\dart-sdk;C:\Program Files\Git\bin;C:\Users\Muhammad Kamran\AppData\Local\Programs\Microsoft VS Code\bin;C:\flutter\bin;C:\Users\Muhammad Kamran\AppData\Local\GitHubDesktop\bin;C:\Users\Muhammad Kamran\AppData\Roaming\npm;C:\flutter\bin\mingit\cmd
USERNAME=Muhammad Kamran
LANG=en_US.UTF-8
OS=Windows_NT
PROCESSOR_IDENTIFIER=Intel64 Family 6 Model 142 Stepping 9, GenuineIntel



---------------  S Y S T E M  ---------------

OS: Windows 10 , 64 bit Build 22000 (10.0.22000.675)
OS uptime: 0 days 3:44 hours

CPU:total 4 (initial active 4) (2 cores per cpu, 2 threads per core) family 6 model 142 stepping 9 microcode 0xea, cmov, cx8, fxsr, mmx, sse, sse2, sse3, ssse3, sse4.1, sse4.2, popcnt, avx, avx2, aes, clmul, erms, 3dnowpref, lzcnt, ht, tsc, tscinvbit, bmi1, bmi2, adx, fma

Memory: 4k page, system-wide physical 16166M (1691M free)
TotalPageFile size 16166M (AvailPageFile size 58M)
current process WorkingSet (physical memory assigned to process): 10M, peak: 10M
current process commit charge ("private bytes"): 52M, peak: 305M

vm_info: OpenJDK 64-Bit Server VM (11.0.10+0-b96-7249189) for windows-amd64 JRE (11.0.10+0-b96-7249189), built on Mar 31 2021 21:44:00 by "builder" with MS VC++ 14.0 (VS2015)

END.
