#
# There is insufficient memory for the Java Runtime Environment to continue.
# Native memory allocation (malloc) failed to allocate 32784 bytes for Chunk::new
# Possible reasons:
#   The system is out of physical RAM or swap space
#   The process is running with CompressedOops enabled, and the Java Heap may be blocking the growth of the native heap
# Possible solutions:
#   Reduce memory load on the system
#   Increase physical memory or swap space
#   Check if swap backing store is full
#   Decrease Java heap size (-Xmx/-Xms)
#   Decrease number of Java threads
#   Decrease Java thread stack sizes (-Xss)
#   Set larger code cache with -XX:ReservedCodeCacheSize=
#   JVM is running with Unscaled Compressed Oops mode in which the Java heap is
#     placed in the first 4GB address space. The Java Heap base address is the
#     maximum limit for the native heap growth. Please use -XX:HeapBaseMinAddress
#     to set the Java Heap base and to place the Java Heap above 4GB virtual address.
# This output file may be truncated or incomplete.
#
#  Out of Memory Error (./src/hotspot/share/memory/arena.cpp:197), pid=11888, tid=12560
#
# JRE version: OpenJDK Runtime Environment (11.0.10) (build 11.0.10+0-b96-7249189)
# Java VM: OpenJDK 64-Bit Server VM (11.0.10+0-b96-7249189, mixed mode, tiered, compressed oops, g1 gc, windows-amd64)
# No core dump will be written. Minidumps are not enabled by default on client versions of Windows
#

---------------  S U M M A R Y ------------

Command Line: --add-opens=java.base/java.util=ALL-UNNAMED --add-opens=java.base/java.lang=ALL-UNNAMED --add-opens=java.base/java.lang.invoke=ALL-UNNAMED --add-opens=java.base/java.util=ALL-UNNAMED --add-opens=java.prefs/java.util.prefs=ALL-UNNAMED --add-opens=java.prefs/java.util.prefs=ALL-UNNAMED --add-opens=java.base/java.nio.charset=ALL-UNNAMED --add-opens=java.base/java.net=ALL-UNNAMED --add-opens=java.base/java.util.concurrent.atomic=ALL-UNNAMED -Xmx1536M -Dfile.encoding=windows-1252 -Duser.country=US -Duser.language=en -Duser.variant org.gradle.launcher.daemon.bootstrap.GradleDaemon 7.4

Host: Intel(R) Core(TM) i7-7500U CPU @ 2.70GHz, 4 cores, 15G,  Windows 10 , 64 bit Build 22000 (10.0.22000.675)
Time: Mon May 23 18:18:02 2022 Pakistan Standard Time elapsed time: 71.850531 seconds (0d 0h 1m 11s)

---------------  T H R E A D  ---------------

Current thread (0x0000022f5255a000):  JavaThread "C2 CompilerThread0" daemon [_thread_in_native, id=12560, stack(0x000000ec7bd00000,0x000000ec7be00000)]


Current CompileTask:
C2:  71850 11061       4       org.gradle.internal.logging.text.AbstractLineChoppingStyledTextOutput::doAppend (43 bytes)

Stack: [0x000000ec7bd00000,0x000000ec7be00000]
Native frames: (J=compiled Java code, j=interpreted, Vv=VM code, C=native code)
V  [jvm.dll+0x5ecfaa]
V  [jvm.dll+0x722bd5]
V  [jvm.dll+0x72412d]
V  [jvm.dll+0x7247e3]
V  [jvm.dll+0x242928]
V  [jvm.dll+0xbc4fc]
V  [jvm.dll+0xbca0c]
V  [jvm.dll+0xbc608]
V  [jvm.dll+0x5cc470]
V  [jvm.dll+0x5062c2]
V  [jvm.dll+0x203253]
V  [jvm.dll+0x1fd07c]
V  [jvm.dll+0x1fa77f]
V  [jvm.dll+0x18354c]
V  [jvm.dll+0x208ee7]
V  [jvm.dll+0x207731]
V  [jvm.dll+0x6eb1cf]
V  [jvm.dll+0x6e3d45]
V  [jvm.dll+0x5ebe96]
C  [ucrtbase.dll+0x26c0c]
C  [KERNEL32.DLL+0x154e0]
C  [ntdll.dll+0x485b]


---------------  P R O C E S S  ---------------

Threads class SMR info:
_java_thread_list=0x0000022f5df74590, length=89, elements={
0x0000022f393b3000, 0x0000022f51cc7800, 0x0000022f524f5000, 0x0000022f52554800,
0x0000022f52557800, 0x0000022f52558800, 0x0000022f5255a000, 0x0000022f5255b000,
0x0000022f52563000, 0x0000022f526b2800, 0x0000022f53b4b000, 0x0000022f53ef3000,
0x0000022f54da2800, 0x0000022f54bf6800, 0x0000022f53a0a800, 0x0000022f5493e800,
0x0000022f5493f000, 0x0000022f525dc000, 0x0000022f53cca800, 0x0000022f55d52800,
0x0000022f55d53800, 0x0000022f55d54800, 0x0000022f55d55000, 0x0000022f55d50800,
0x0000022f55d51000, 0x0000022f55d52000, 0x0000022f55d4f800, 0x0000022f55d56000,
0x0000022f52b36800, 0x0000022f52b37800, 0x0000022f52b35800, 0x0000022f52b39000,
0x0000022f52b33800, 0x0000022f52b3a000, 0x0000022f52b34000, 0x0000022f52b3b800,
0x0000022f52b3e000, 0x0000022f52b40800, 0x0000022f52b3a800, 0x0000022f52b3e800,
0x0000022f52b3d000, 0x0000022f52b41000, 0x0000022f52b3f800, 0x0000022f52b42000,
0x0000022f52b3c800, 0x0000022f55e0f800, 0x0000022f55e0e800, 0x0000022f55e0b800,
0x0000022f55e0c000, 0x0000022f55e11000, 0x0000022f55e10000, 0x0000022f55e12000,
0x0000022f55e12800, 0x0000022f55e0d000, 0x0000022f55e13800, 0x0000022f55e0d800,
0x0000022f55e16800, 0x0000022f55e18800, 0x0000022f55e16000, 0x0000022f55e15000,
0x0000022f55e14800, 0x0000022f55e17800, 0x0000022f55e19000, 0x0000022f55e1a000,
0x0000022f54115000, 0x0000022f5411a000, 0x0000022f54115800, 0x0000022f54114000,
0x0000022f5411b800, 0x0000022f54117800, 0x0000022f5411c800, 0x0000022f54118000,
0x0000022f54116800, 0x0000022f5411e000, 0x0000022f5411d000, 0x0000022f5411a800,
0x0000022f5411e800, 0x0000022f54119000, 0x0000022f5411f800, 0x0000022f54122000,
0x0000022f53639000, 0x0000022f5363a000, 0x0000022f53634000, 0x0000022f53635800,
0x0000022f5363a800, 0x0000022f53635000, 0x0000022f5363c800, 0x0000022f5363b800,
0x0000022f53638000
}

Java Threads: ( => current thread )
  0x0000022f393b3000 JavaThread "main" [_thread_blocked, id=7348, stack(0x000000ec7b100000,0x000000ec7b200000)]
  0x0000022f51cc7800 JavaThread "Reference Handler" daemon [_thread_blocked, id=13256, stack(0x000000ec7b800000,0x000000ec7b900000)]
  0x0000022f524f5000 JavaThread "Finalizer" daemon [_thread_blocked, id=8004, stack(0x000000ec7b900000,0x000000ec7ba00000)]
  0x0000022f52554800 JavaThread "Signal Dispatcher" daemon [_thread_blocked, id=13436, stack(0x000000ec7ba00000,0x000000ec7bb00000)]
  0x0000022f52557800 JavaThread "Attach Listener" daemon [_thread_blocked, id=5736, stack(0x000000ec7bb00000,0x000000ec7bc00000)]
  0x0000022f52558800 JavaThread "Service Thread" daemon [_thread_blocked, id=4644, stack(0x000000ec7bc00000,0x000000ec7bd00000)]
=>0x0000022f5255a000 JavaThread "C2 CompilerThread0" daemon [_thread_in_native, id=12560, stack(0x000000ec7bd00000,0x000000ec7be00000)]
  0x0000022f5255b000 JavaThread "C1 CompilerThread0" daemon [_thread_blocked, id=7100, stack(0x000000ec7be00000,0x000000ec7bf00000)]
  0x0000022f52563000 JavaThread "Sweeper thread" daemon [_thread_blocked, id=1708, stack(0x000000ec7bf00000,0x000000ec7c000000)]
  0x0000022f526b2800 JavaThread "Common-Cleaner" daemon [_thread_blocked, id=12568, stack(0x000000ec7c000000,0x000000ec7c100000)]
  0x0000022f53b4b000 JavaThread "Daemon health stats" [_thread_blocked, id=5056, stack(0x000000ec7c600000,0x000000ec7c700000)]
  0x0000022f53ef3000 JavaThread "Incoming local TCP Connector on port 53110" [_thread_in_native, id=10588, stack(0x000000ec7c500000,0x000000ec7c600000)]
  0x0000022f54da2800 JavaThread "Daemon periodic checks" [_thread_blocked, id=12232, stack(0x000000ec7c700000,0x000000ec7c800000)]
  0x0000022f54bf6800 JavaThread "Daemon" [_thread_blocked, id=292, stack(0x000000ec7c800000,0x000000ec7c900000)]
  0x0000022f53a0a800 JavaThread "Handler for socket connection from /127.0.0.1:53110 to /127.0.0.1:53111" [_thread_in_native, id=8908, stack(0x000000ec7c900000,0x000000ec7ca00000)]
  0x0000022f5493e800 JavaThread "Cancel handler" [_thread_blocked, id=3832, stack(0x000000ec7ca00000,0x000000ec7cb00000)]
  0x0000022f5493f000 JavaThread "Daemon worker" [_thread_blocked, id=12376, stack(0x000000ec7cb00000,0x000000ec7cc00000)]
  0x0000022f525dc000 JavaThread "Asynchronous log dispatcher for DefaultDaemonConnection: socket connection from /127.0.0.1:53110 to /127.0.0.1:53111" [_thread_blocked, id=10760, stack(0x000000ec7cc00000,0x000000ec7cd00000)]
  0x0000022f53cca800 JavaThread "Stdin handler" [_thread_blocked, id=6788, stack(0x000000ec7cd00000,0x000000ec7ce00000)]
  0x0000022f55d52800 JavaThread "Daemon client event forwarder" [_thread_blocked, id=5672, stack(0x000000ec7ce00000,0x000000ec7cf00000)]
  0x0000022f55d53800 JavaThread "Cache worker for journal cache (C:\Users\Muhammad Kamran\.gradle\caches\journal-1)" [_thread_blocked, id=4200, stack(0x000000ec7cf00000,0x000000ec7d000000)]
  0x0000022f55d54800 JavaThread "File lock request listener" [_thread_in_native, id=11088, stack(0x000000ec7d000000,0x000000ec7d100000)]
  0x0000022f55d55000 JavaThread "Cache worker for file hash cache (C:\Users\Muhammad Kamran\.gradle\caches\7.4\fileHashes)" [_thread_blocked, id=1640, stack(0x000000ec7d100000,0x000000ec7d200000)]
  0x0000022f55d50800 JavaThread "File watcher server" daemon [_thread_in_native, id=3100, stack(0x000000ec7d300000,0x000000ec7d400000)]
  0x0000022f55d51000 JavaThread "File watcher consumer" daemon [_thread_blocked, id=11540, stack(0x000000ec7d400000,0x000000ec7d500000)]
  0x0000022f55d52000 JavaThread "Cache worker for checksums cache (C:\Users\Muhammad Kamran\Desktop\Flutter modules\chat\android\.gradle\7.4\checksums)" [_thread_blocked, id=3396, stack(0x000000ec7d500000,0x000000ec7d600000)]
  0x0000022f55d4f800 JavaThread "Cache worker for cache directory md-rule (C:\Users\Muhammad Kamran\.gradle\caches\7.4\md-rule)" [_thread_blocked, id=3428, stack(0x000000ec7d200000,0x000000ec7d300000)]
  0x0000022f55d56000 JavaThread "Cache worker for file hash cache (C:\Users\Muhammad Kamran\Desktop\Flutter modules\chat\android\.gradle\7.4\fileHashes)" [_thread_blocked, id=9308, stack(0x000000ec7d600000,0x000000ec7d700000)]
  0x0000022f52b36800 JavaThread "Cache worker for cache directory md-supplier (C:\Users\Muhammad Kamran\.gradle\caches\7.4\md-supplier)" [_thread_blocked, id=11704, stack(0x000000ec7d700000,0x000000ec7d800000)]
  0x0000022f52b37800 JavaThread "Cache worker for execution history cache (C:\Users\Muhammad Kamran\.gradle\caches\7.4\executionHistory)" [_thread_blocked, id=13416, stack(0x000000ec7d900000,0x000000ec7da00000)]
  0x0000022f52b35800 JavaThread "jar transforms" [_thread_blocked, id=13848, stack(0x000000ec7da00000,0x000000ec7db00000)]
  0x0000022f52b39000 JavaThread "jar transforms Thread 2" [_thread_blocked, id=10076, stack(0x000000ec7db00000,0x000000ec7dc00000)]
  0x0000022f52b33800 JavaThread "Cache worker for file content cache (C:\Users\Muhammad Kamran\.gradle\caches\7.4\fileContent)" [_thread_blocked, id=6640, stack(0x000000ec7dc00000,0x000000ec7dd00000)]
  0x0000022f52b3a000 JavaThread "jar transforms Thread 3" [_thread_blocked, id=8624, stack(0x000000ec7dd00000,0x000000ec7de00000)]
  0x0000022f52b34000 JavaThread "jar transforms Thread 4" [_thread_blocked, id=13144, stack(0x000000ec7de00000,0x000000ec7df00000)]
  0x0000022f52b3b800 JavaThread "Cache worker for dependencies-accessors (C:\Users\Muhammad Kamran\Desktop\Flutter modules\chat\android\.gradle\7.4\dependencies-accessors)" [_thread_blocked, id=9556, stack(0x000000ec7df00000,0x000000ec7e000000)]
  0x0000022f52b3e000 JavaThread "Cache worker for Build Output Cleanup Cache (C:\Users\Muhammad Kamran\Desktop\Flutter modules\chat\android\.gradle\buildOutputCleanup)" [_thread_blocked, id=4400, stack(0x000000ec7d800000,0x000000ec7d900000)]
  0x0000022f52b40800 JavaThread "Unconstrained build operations" [_thread_blocked, id=6072, stack(0x000000ec7e000000,0x000000ec7e100000)]
  0x0000022f52b3a800 JavaThread "Unconstrained build operations Thread 2" [_thread_blocked, id=548, stack(0x000000ec7e100000,0x000000ec7e200000)]
  0x0000022f52b3e800 JavaThread "Unconstrained build operations Thread 3" [_thread_blocked, id=8248, stack(0x000000ec7e200000,0x000000ec7e300000)]
  0x0000022f52b3d000 JavaThread "Unconstrained build operations Thread 4" [_thread_blocked, id=5176, stack(0x000000ec7e300000,0x000000ec7e400000)]
  0x0000022f52b41000 JavaThread "Unconstrained build operations Thread 5" [_thread_blocked, id=4564, stack(0x000000ec7e400000,0x000000ec7e500000)]
  0x0000022f52b3f800 JavaThread "Unconstrained build operations Thread 6" [_thread_blocked, id=6420, stack(0x000000ec7e500000,0x000000ec7e600000)]
  0x0000022f52b42000 JavaThread "Unconstrained build operations Thread 7" [_thread_blocked, id=5276, stack(0x000000ec7e600000,0x000000ec7e700000)]
  0x0000022f52b3c800 JavaThread "Unconstrained build operations Thread 8" [_thread_blocked, id=6188, stack(0x000000ec7e700000,0x000000ec7e800000)]
  0x0000022f55e0f800 JavaThread "Unconstrained build operations Thread 9" [_thread_blocked, id=8640, stack(0x000000ec7e800000,0x000000ec7e900000)]
  0x0000022f55e0e800 JavaThread "Unconstrained build operations Thread 10" [_thread_blocked, id=2068, stack(0x000000ec7e900000,0x000000ec7ea00000)]
  0x0000022f55e0b800 JavaThread "Unconstrained build operations Thread 11" [_thread_blocked, id=960, stack(0x000000ec7ea00000,0x000000ec7eb00000)]
  0x0000022f55e0c000 JavaThread "Unconstrained build operations Thread 12" [_thread_blocked, id=3000, stack(0x000000ec7eb00000,0x000000ec7ec00000)]
  0x0000022f55e11000 JavaThread "Unconstrained build operations Thread 13" [_thread_blocked, id=9096, stack(0x000000ec7ec00000,0x000000ec7ed00000)]
  0x0000022f55e10000 JavaThread "Unconstrained build operations Thread 14" [_thread_blocked, id=13568, stack(0x000000ec7ed00000,0x000000ec7ee00000)]
  0x0000022f55e12000 JavaThread "Unconstrained build operations Thread 15" [_thread_blocked, id=5208, stack(0x000000ec7ee00000,0x000000ec7ef00000)]
  0x0000022f55e12800 JavaThread "Unconstrained build operations Thread 16" [_thread_blocked, id=8556, stack(0x000000ec7ef00000,0x000000ec7f000000)]
  0x0000022f55e0d000 JavaThread "Unconstrained build operations Thread 17" [_thread_blocked, id=9980, stack(0x000000ec7f000000,0x000000ec7f100000)]
  0x0000022f55e13800 JavaThread "Unconstrained build operations Thread 18" [_thread_blocked, id=5668, stack(0x000000ec7f100000,0x000000ec7f200000)]
  0x0000022f55e0d800 JavaThread "Unconstrained build operations Thread 19" [_thread_blocked, id=5544, stack(0x000000ec7f200000,0x000000ec7f300000)]
  0x0000022f55e16800 JavaThread "Unconstrained build operations Thread 20" [_thread_blocked, id=8700, stack(0x000000ec7f300000,0x000000ec7f400000)]
  0x0000022f55e18800 JavaThread "Unconstrained build operations Thread 21" [_thread_blocked, id=8576, stack(0x000000ec7f400000,0x000000ec7f500000)]
  0x0000022f55e16000 JavaThread "Unconstrained build operations Thread 22" [_thread_blocked, id=6480, stack(0x000000ec7f500000,0x000000ec7f600000)]
  0x0000022f55e15000 JavaThread "Unconstrained build operations Thread 23" [_thread_blocked, id=3760, stack(0x000000ec7f600000,0x000000ec7f700000)]
  0x0000022f55e14800 JavaThread "Unconstrained build operations Thread 24" [_thread_blocked, id=11228, stack(0x000000ec7f700000,0x000000ec7f800000)]
  0x0000022f55e17800 JavaThread "Unconstrained build operations Thread 25" [_thread_blocked, id=10468, stack(0x000000ec7f800000,0x000000ec7f900000)]
  0x0000022f55e19000 JavaThread "Unconstrained build operations Thread 26" [_thread_blocked, id=3004, stack(0x000000ec7f900000,0x000000ec7fa00000)]
  0x0000022f55e1a000 JavaThread "Unconstrained build operations Thread 27" [_thread_blocked, id=6528, stack(0x000000ec7fa00000,0x000000ec7fb00000)]
  0x0000022f54115000 JavaThread "Unconstrained build operations Thread 28" [_thread_blocked, id=1672, stack(0x000000ec7fb00000,0x000000ec7fc00000)]
  0x0000022f5411a000 JavaThread "Unconstrained build operations Thread 29" [_thread_blocked, id=12824, stack(0x000000ec7fc00000,0x000000ec7fd00000)]
  0x0000022f54115800 JavaThread "Unconstrained build operations Thread 30" [_thread_blocked, id=12808, stack(0x000000ec7fd00000,0x000000ec7fe00000)]
  0x0000022f54114000 JavaThread "Unconstrained build operations Thread 31" [_thread_blocked, id=12956, stack(0x000000ec7fe00000,0x000000ec7ff00000)]
  0x0000022f5411b800 JavaThread "Unconstrained build operations Thread 32" [_thread_blocked, id=4624, stack(0x000000ec7ff00000,0x000000ec80000000)]
  0x0000022f54117800 JavaThread "Unconstrained build operations Thread 33" [_thread_blocked, id=12108, stack(0x000000ec00000000,0x000000ec00100000)]
  0x0000022f5411c800 JavaThread "Unconstrained build operations Thread 34" [_thread_blocked, id=8604, stack(0x000000ec00100000,0x000000ec00200000)]
  0x0000022f54118000 JavaThread "Unconstrained build operations Thread 35" [_thread_blocked, id=14108, stack(0x000000ec00200000,0x000000ec00300000)]
  0x0000022f54116800 JavaThread "Unconstrained build operations Thread 36" [_thread_blocked, id=9076, stack(0x000000ec00300000,0x000000ec00400000)]
  0x0000022f5411e000 JavaThread "Unconstrained build operations Thread 37" [_thread_blocked, id=8384, stack(0x000000ec00400000,0x000000ec00500000)]
  0x0000022f5411d000 JavaThread "Unconstrained build operations Thread 38" [_thread_blocked, id=7756, stack(0x000000ec00500000,0x000000ec00600000)]
  0x0000022f5411a800 JavaThread "Unconstrained build operations Thread 39" [_thread_blocked, id=9892, stack(0x000000ec00600000,0x000000ec00700000)]
  0x0000022f5411e800 JavaThread "Unconstrained build operations Thread 40" [_thread_blocked, id=7848, stack(0x000000ec00700000,0x000000ec00800000)]
  0x0000022f54119000 JavaThread "Memory manager" [_thread_blocked, id=13656, stack(0x000000ec00900000,0x000000ec00a00000)]
  0x0000022f5411f800 JavaThread "build event listener" [_thread_blocked, id=11748, stack(0x000000ec00a00000,0x000000ec00b00000)]
  0x0000022f54122000 JavaThread "pool-3-thread-1" [_thread_blocked, id=8308, stack(0x000000ec00800000,0x000000ec00900000)]
  0x0000022f53639000 JavaThread "build event listener" [_thread_blocked, id=7844, stack(0x000000ec00d00000,0x000000ec00e00000)]
  0x0000022f5363a000 JavaThread "included builds" [_thread_blocked, id=10744, stack(0x000000ec00e00000,0x000000ec00f00000)]
  0x0000022f53634000 JavaThread "Execution worker for ':'" [_thread_blocked, id=13172, stack(0x000000ec00f00000,0x000000ec01000000)]
  0x0000022f53635800 JavaThread "Execution worker for ':' Thread 2" [_thread_blocked, id=9180, stack(0x000000ec01000000,0x000000ec01100000)]
  0x0000022f5363a800 JavaThread "Execution worker for ':' Thread 3" [_thread_blocked, id=13180, stack(0x000000ec01100000,0x000000ec01200000)]
  0x0000022f53635000 JavaThread "Cache worker for execution history cache (C:\Users\Muhammad Kamran\Desktop\Flutter modules\chat\android\.gradle\7.4\executionHistory)" [_thread_blocked, id=12344, stack(0x000000ec01200000,0x000000ec01300000)]
  0x0000022f5363c800 JavaThread "Exec process" [_thread_in_native, id=8432, stack(0x000000ec01300000,0x000000ec01400000)]
  0x0000022f5363b800 JavaThread "Exec process Thread 2" [_thread_in_native, id=2208, stack(0x000000ec01400000,0x000000ec01500000)]
  0x0000022f53638000 JavaThread "Exec process Thread 3" [_thread_in_native, id=8552, stack(0x000000ec01500000,0x000000ec01600000)]

Other Threads:
  0x0000022f51cc3800 VMThread "VM Thread" [stack: 0x000000ec7b700000,0x000000ec7b800000] [id=6776]
  0x0000022f526d5000 WatcherThread [stack: 0x000000ec7c100000,0x000000ec7c200000] [id=2600]
  0x0000022f393ca800 GCTaskThread "GC Thread#0" [stack: 0x000000ec7b200000,0x000000ec7b300000] [id=11404]
  0x0000022f52bd5000 GCTaskThread "GC Thread#1" [stack: 0x000000ec7c200000,0x000000ec7c300000] [id=1824]
  0x0000022f52a4f800 GCTaskThread "GC Thread#2" [stack: 0x000000ec7c300000,0x000000ec7c400000] [id=10552]
  0x0000022f52d23000 GCTaskThread "GC Thread#3" [stack: 0x000000ec7c400000,0x000000ec7c500000] [id=10528]
  0x0000022f393f2000 ConcurrentGCThread "G1 Main Marker" [stack: 0x000000ec7b300000,0x000000ec7b400000] [id=4648]
  0x0000022f393f3000 ConcurrentGCThread "G1 Conc#0" [stack: 0x000000ec7b400000,0x000000ec7b500000] [id=2996]
  0x0000022f3948e000 ConcurrentGCThread "G1 Refine#0" [stack: 0x000000ec7b500000,0x000000ec7b600000] [id=13724]
  0x0000022f51b2e800 ConcurrentGCThread "G1 Young RemSet Sampling" [stack: 0x000000ec7b600000,0x000000ec7b700000] [id=840]

Threads with active compile tasks:
C2 CompilerThread0  71892 11061       4       org.gradle.internal.logging.text.AbstractLineChoppingStyledTextOutput::doAppend (43 bytes)

VM state:not at safepoint (normal execution)

VM Mutex/Monitor currently owned by a thread: None

Heap address: 0x00000000a0000000, size: 1536 MB, Compressed Oops mode: 32-bit
Narrow klass base: 0x0000000000000000, Narrow klass shift: 3
Compressed class space size: 1073741824 Address: 0x0000000100000000

Heap:
 garbage-first heap   total 260096K, used 163641K [0x00000000a0000000, 0x0000000100000000)
  region size 1024K, 66 young (67584K), 10 survivors (10240K)
 Metaspace       used 93315K, capacity 96446K, committed 96496K, reserved 1132544K
  class space    used 12177K, capacity 13221K, committed 13260K, reserved 1048576K
Heap Regions: E=young(eden), S=young(survivor), O=old, HS=humongous(starts), HC=humongous(continues), CS=collection set, F=free, A=archive, TAMS=top-at-mark-start (previous, next)
|   0|0x00000000a0000000, 0x00000000a0100000, 0x00000000a0100000|100%|HS|  |TAMS 0x00000000a0100000, 0x00000000a0000000| Complete 
|   1|0x00000000a0100000, 0x00000000a0200000, 0x00000000a0200000|100%|HC|  |TAMS 0x00000000a0200000, 0x00000000a0100000| Complete 
|   2|0x00000000a0200000, 0x00000000a0300000, 0x00000000a0300000|100%|HC|  |TAMS 0x00000000a0300000, 0x00000000a0200000| Complete 
|   3|0x00000000a0300000, 0x00000000a0400000, 0x00000000a0400000|100%| O|  |TAMS 0x00000000a0400000, 0x00000000a0300000| Untracked 
|   4|0x00000000a0400000, 0x00000000a0500000, 0x00000000a0500000|100%| O|  |TAMS 0x00000000a0500000, 0x00000000a0400000| Untracked 
|   5|0x00000000a0500000, 0x00000000a0600000, 0x00000000a0600000|100%| O|  |TAMS 0x00000000a0600000, 0x00000000a0500000| Untracked 
|   6|0x00000000a0600000, 0x00000000a0700000, 0x00000000a0700000|100%| O|  |TAMS 0x00000000a0700000, 0x00000000a0600000| Untracked 
|   7|0x00000000a0700000, 0x00000000a0800000, 0x00000000a0800000|100%| O|  |TAMS 0x00000000a0800000, 0x00000000a0700000| Untracked 
|   8|0x00000000a0800000, 0x00000000a0900000, 0x00000000a0900000|100%| O|  |TAMS 0x00000000a0900000, 0x00000000a0800000| Untracked 
|   9|0x00000000a0900000, 0x00000000a0a00000, 0x00000000a0a00000|100%| O|  |TAMS 0x00000000a0a00000, 0x00000000a0900000| Untracked 
|  10|0x00000000a0a00000, 0x00000000a0b00000, 0x00000000a0b00000|100%| O|  |TAMS 0x00000000a0b00000, 0x00000000a0a00000| Untracked 
|  11|0x00000000a0b00000, 0x00000000a0c00000, 0x00000000a0c00000|100%| O|  |TAMS 0x00000000a0c00000, 0x00000000a0b00000| Untracked 
|  12|0x00000000a0c00000, 0x00000000a0d00000, 0x00000000a0d00000|100%| O|  |TAMS 0x00000000a0d00000, 0x00000000a0c00000| Untracked 
|  13|0x00000000a0d00000, 0x00000000a0e00000, 0x00000000a0e00000|100%| O|  |TAMS 0x00000000a0e00000, 0x00000000a0d00000| Untracked 
|  14|0x00000000a0e00000, 0x00000000a0f00000, 0x00000000a0f00000|100%| O|  |TAMS 0x00000000a0f00000, 0x00000000a0e00000| Untracked 
|  15|0x00000000a0f00000, 0x00000000a1000000, 0x00000000a1000000|100%| O|  |TAMS 0x00000000a1000000, 0x00000000a0f00000| Untracked 
|  16|0x00000000a1000000, 0x00000000a1100000, 0x00000000a1100000|100%| O|  |TAMS 0x00000000a1100000, 0x00000000a1000000| Untracked 
|  17|0x00000000a1100000, 0x00000000a1200000, 0x00000000a1200000|100%| O|  |TAMS 0x00000000a1200000, 0x00000000a1100000| Untracked 
|  18|0x00000000a1200000, 0x00000000a1300000, 0x00000000a1300000|100%|HS|  |TAMS 0x00000000a1300000, 0x00000000a1200000| Complete 
|  19|0x00000000a1300000, 0x00000000a1400000, 0x00000000a1400000|100%|HS|  |TAMS 0x00000000a1400000, 0x00000000a1300000| Complete 
|  20|0x00000000a1400000, 0x00000000a1500000, 0x00000000a1500000|100%|HS|  |TAMS 0x00000000a1500000, 0x00000000a1400000| Complete 
|  21|0x00000000a1500000, 0x00000000a1600000, 0x00000000a1600000|100%|HS|  |TAMS 0x00000000a1600000, 0x00000000a1500000| Complete 
|  22|0x00000000a1600000, 0x00000000a1700000, 0x00000000a1700000|100%|HS|  |TAMS 0x00000000a1700000, 0x00000000a1600000| Complete 
|  23|0x00000000a1700000, 0x00000000a1800000, 0x00000000a1800000|100%|HC|  |TAMS 0x00000000a1800000, 0x00000000a1700000| Complete 
|  24|0x00000000a1800000, 0x00000000a1900000, 0x00000000a1900000|100%|HC|  |TAMS 0x00000000a1900000, 0x00000000a1800000| Complete 
|  25|0x00000000a1900000, 0x00000000a1a00000, 0x00000000a1a00000|100%|HS|  |TAMS 0x00000000a1a00000, 0x00000000a1900000| Complete 
|  26|0x00000000a1a00000, 0x00000000a1b00000, 0x00000000a1b00000|100%|HC|  |TAMS 0x00000000a1b00000, 0x00000000a1a00000| Complete 
|  27|0x00000000a1b00000, 0x00000000a1c00000, 0x00000000a1c00000|100%| O|  |TAMS 0x00000000a1c00000, 0x00000000a1b00000| Untracked 
|  28|0x00000000a1c00000, 0x00000000a1d00000, 0x00000000a1d00000|100%| O|  |TAMS 0x00000000a1d00000, 0x00000000a1c00000| Untracked 
|  29|0x00000000a1d00000, 0x00000000a1e00000, 0x00000000a1e00000|100%| O|  |TAMS 0x00000000a1e00000, 0x00000000a1d00000| Untracked 
|  30|0x00000000a1e00000, 0x00000000a1f00000, 0x00000000a1f00000|100%| O|  |TAMS 0x00000000a1f00000, 0x00000000a1e00000| Untracked 
|  31|0x00000000a1f00000, 0x00000000a2000000, 0x00000000a2000000|100%| O|  |TAMS 0x00000000a2000000, 0x00000000a1f00000| Untracked 
|  32|0x00000000a2000000, 0x00000000a2100000, 0x00000000a2100000|100%| O|  |TAMS 0x00000000a2100000, 0x00000000a2000000| Untracked 
|  33|0x00000000a2100000, 0x00000000a2200000, 0x00000000a2200000|100%| O|  |TAMS 0x00000000a2200000, 0x00000000a2100000| Untracked 
|  34|0x00000000a2200000, 0x00000000a2300000, 0x00000000a2300000|100%| O|  |TAMS 0x00000000a2300000, 0x00000000a2200000| Untracked 
|  35|0x00000000a2300000, 0x00000000a2400000, 0x00000000a2400000|100%| O|  |TAMS 0x00000000a2400000, 0x00000000a2300000| Untracked 
|  36|0x00000000a2400000, 0x00000000a2500000, 0x00000000a2500000|100%| O|  |TAMS 0x00000000a2500000, 0x00000000a2400000| Untracked 
|  37|0x00000000a2500000, 0x00000000a2600000, 0x00000000a2600000|100%| O|  |TAMS 0x00000000a2600000, 0x00000000a2500000| Untracked 
|  38|0x00000000a2600000, 0x00000000a2700000, 0x00000000a2700000|100%| O|  |TAMS 0x00000000a2700000, 0x00000000a2600000| Untracked 
|  39|0x00000000a2700000, 0x00000000a2800000, 0x00000000a2800000|100%| O|  |TAMS 0x00000000a2800000, 0x00000000a2700000| Untracked 
|  40|0x00000000a2800000, 0x00000000a2900000, 0x00000000a2900000|100%| O|  |TAMS 0x00000000a2900000, 0x00000000a2800000| Untracked 
|  41|0x00000000a2900000, 0x00000000a2a00000, 0x00000000a2a00000|100%| O|  |TAMS 0x00000000a2a00000, 0x00000000a2900000| Untracked 
|  42|0x00000000a2a00000, 0x00000000a2b00000, 0x00000000a2b00000|100%| O|  |TAMS 0x00000000a2b00000, 0x00000000a2a00000| Untracked 
|  43|0x00000000a2b00000, 0x00000000a2c00000, 0x00000000a2c00000|100%| O|  |TAMS 0x00000000a2c00000, 0x00000000a2b00000| Untracked 
|  44|0x00000000a2c00000, 0x00000000a2d00000, 0x00000000a2d00000|100%| O|  |TAMS 0x00000000a2d00000, 0x00000000a2c00000| Untracked 
|  45|0x00000000a2d00000, 0x00000000a2e00000, 0x00000000a2e00000|100%| O|  |TAMS 0x00000000a2e00000, 0x00000000a2d00000| Untracked 
|  46|0x00000000a2e00000, 0x00000000a2f00000, 0x00000000a2f00000|100%| O|  |TAMS 0x00000000a2f00000, 0x00000000a2e00000| Untracked 
|  47|0x00000000a2f00000, 0x00000000a3000000, 0x00000000a3000000|100%| O|  |TAMS 0x00000000a2fdf000, 0x00000000a2f00000| Untracked 
|  48|0x00000000a3000000, 0x00000000a3100000, 0x00000000a3100000|100%|HS|  |TAMS 0x00000000a3000000, 0x00000000a3000000| Complete 
|  49|0x00000000a3100000, 0x00000000a3200000, 0x00000000a3200000|100%|HS|  |TAMS 0x00000000a3100000, 0x00000000a3100000| Complete 
|  50|0x00000000a3200000, 0x00000000a3300000, 0x00000000a3300000|100%|HC|  |TAMS 0x00000000a3200000, 0x00000000a3200000| Complete 
|  51|0x00000000a3300000, 0x00000000a3400000, 0x00000000a3400000|100%| O|  |TAMS 0x00000000a3300000, 0x00000000a3300000| Untracked 
|  52|0x00000000a3400000, 0x00000000a3500000, 0x00000000a3500000|100%| O|  |TAMS 0x00000000a3400000, 0x00000000a3400000| Untracked 
|  53|0x00000000a3500000, 0x00000000a3600000, 0x00000000a3600000|100%| O|  |TAMS 0x00000000a3500000, 0x00000000a3500000| Untracked 
|  54|0x00000000a3600000, 0x00000000a3700000, 0x00000000a3700000|100%| O|  |TAMS 0x00000000a3600000, 0x00000000a3600000| Untracked 
|  55|0x00000000a3700000, 0x00000000a3800000, 0x00000000a3800000|100%| O|  |TAMS 0x00000000a3700000, 0x00000000a3700000| Untracked 
|  56|0x00000000a3800000, 0x00000000a3900000, 0x00000000a3900000|100%| O|  |TAMS 0x00000000a3800000, 0x00000000a3800000| Untracked 
|  57|0x00000000a3900000, 0x00000000a3a00000, 0x00000000a3a00000|100%| O|  |TAMS 0x00000000a3900000, 0x00000000a3900000| Untracked 
|  58|0x00000000a3a00000, 0x00000000a3b00000, 0x00000000a3b00000|100%| O|  |TAMS 0x00000000a3a00000, 0x00000000a3a00000| Untracked 
|  59|0x00000000a3b00000, 0x00000000a3c00000, 0x00000000a3c00000|100%| O|  |TAMS 0x00000000a3b00000, 0x00000000a3b00000| Untracked 
|  60|0x00000000a3c00000, 0x00000000a3d00000, 0x00000000a3d00000|100%| O|  |TAMS 0x00000000a3c00000, 0x00000000a3c00000| Untracked 
|  61|0x00000000a3d00000, 0x00000000a3e00000, 0x00000000a3e00000|100%| O|  |TAMS 0x00000000a3d00000, 0x00000000a3d00000| Untracked 
|  62|0x00000000a3e00000, 0x00000000a3f00000, 0x00000000a3f00000|100%| O|  |TAMS 0x00000000a3e00000, 0x00000000a3e00000| Untracked 
|  63|0x00000000a3f00000, 0x00000000a4000000, 0x00000000a4000000|100%| O|  |TAMS 0x00000000a3f00000, 0x00000000a3f00000| Untracked 
|  64|0x00000000a4000000, 0x00000000a4100000, 0x00000000a4100000|100%| O|  |TAMS 0x00000000a4000000, 0x00000000a4000000| Untracked 
|  65|0x00000000a4100000, 0x00000000a4200000, 0x00000000a4200000|100%| O|  |TAMS 0x00000000a4100000, 0x00000000a4100000| Untracked 
|  66|0x00000000a4200000, 0x00000000a4300000, 0x00000000a4300000|100%| O|  |TAMS 0x00000000a4200000, 0x00000000a4200000| Untracked 
|  67|0x00000000a4300000, 0x00000000a4400000, 0x00000000a4400000|100%| O|  |TAMS 0x00000000a4300000, 0x00000000a4300000| Untracked 
|  68|0x00000000a4400000, 0x00000000a4500000, 0x00000000a4500000|100%| O|  |TAMS 0x00000000a4400000, 0x00000000a4400000| Untracked 
|  69|0x00000000a4500000, 0x00000000a4600000, 0x00000000a4600000|100%| O|  |TAMS 0x00000000a4500000, 0x00000000a4500000| Untracked 
|  70|0x00000000a4600000, 0x00000000a4700000, 0x00000000a4700000|100%|HS|  |TAMS 0x00000000a4600000, 0x00000000a4600000| Complete 
|  71|0x00000000a4700000, 0x00000000a4800000, 0x00000000a4800000|100%|HS|  |TAMS 0x00000000a4700000, 0x00000000a4700000| Complete 
|  72|0x00000000a4800000, 0x00000000a4900000, 0x00000000a4900000|100%| O|  |TAMS 0x00000000a4800000, 0x00000000a4800000| Untracked 
|  73|0x00000000a4900000, 0x00000000a4a00000, 0x00000000a4a00000|100%| O|  |TAMS 0x00000000a4900000, 0x00000000a4900000| Untracked 
|  74|0x00000000a4a00000, 0x00000000a4b00000, 0x00000000a4b00000|100%| O|  |TAMS 0x00000000a4a00000, 0x00000000a4a00000| Untracked 
|  75|0x00000000a4b00000, 0x00000000a4c00000, 0x00000000a4c00000|100%| O|  |TAMS 0x00000000a4b00000, 0x00000000a4b00000| Untracked 
|  76|0x00000000a4c00000, 0x00000000a4d00000, 0x00000000a4d00000|100%| O|  |TAMS 0x00000000a4c00000, 0x00000000a4c00000| Untracked 
|  77|0x00000000a4d00000, 0x00000000a4e00000, 0x00000000a4e00000|100%| O|  |TAMS 0x00000000a4d00000, 0x00000000a4d00000| Untracked 
|  78|0x00000000a4e00000, 0x00000000a4f00000, 0x00000000a4f00000|100%| O|  |TAMS 0x00000000a4e00000, 0x00000000a4e00000| Untracked 
|  79|0x00000000a4f00000, 0x00000000a5000000, 0x00000000a5000000|100%| O|  |TAMS 0x00000000a4f00000, 0x00000000a4f00000| Untracked 
|  80|0x00000000a5000000, 0x00000000a5100000, 0x00000000a5100000|100%| O|  |TAMS 0x00000000a5000000, 0x00000000a5000000| Untracked 
|  81|0x00000000a5100000, 0x00000000a5200000, 0x00000000a5200000|100%| O|  |TAMS 0x00000000a5100000, 0x00000000a5100000| Untracked 
|  82|0x00000000a5200000, 0x00000000a5300000, 0x00000000a5300000|100%| O|  |TAMS 0x00000000a5200000, 0x00000000a5200000| Untracked 
|  83|0x00000000a5300000, 0x00000000a5400000, 0x00000000a5400000|100%| O|  |TAMS 0x00000000a5300000, 0x00000000a5300000| Untracked 
|  84|0x00000000a5400000, 0x00000000a5500000, 0x00000000a5500000|100%| O|  |TAMS 0x00000000a5400000, 0x00000000a5400000| Untracked 
|  85|0x00000000a5500000, 0x00000000a5600000, 0x00000000a5600000|100%| O|  |TAMS 0x00000000a5500000, 0x00000000a5500000| Untracked 
|  86|0x00000000a5600000, 0x00000000a5700000, 0x00000000a5700000|100%| O|  |TAMS 0x00000000a5600000, 0x00000000a5600000| Untracked 
|  87|0x00000000a5700000, 0x00000000a5800000, 0x00000000a5800000|100%| O|  |TAMS 0x00000000a5700000, 0x00000000a5700000| Untracked 
|  88|0x00000000a5800000, 0x00000000a5900000, 0x00000000a5900000|100%| O|  |TAMS 0x00000000a5800000, 0x00000000a5800000| Untracked 
|  89|0x00000000a5900000, 0x00000000a5a00000, 0x00000000a5a00000|100%| O|  |TAMS 0x00000000a5900000, 0x00000000a5900000| Untracked 
|  90|0x00000000a5a00000, 0x00000000a5b00000, 0x00000000a5b00000|100%| O|  |TAMS 0x00000000a5a00000, 0x00000000a5a00000| Untracked 
|  91|0x00000000a5b00000, 0x00000000a5c00000, 0x00000000a5c00000|100%| O|  |TAMS 0x00000000a5b00000, 0x00000000a5b00000| Untracked 
|  92|0x00000000a5c00000, 0x00000000a5d00000, 0x00000000a5d00000|100%| O|  |TAMS 0x00000000a5c00000, 0x00000000a5c00000| Untracked 
|  93|0x00000000a5d00000, 0x00000000a5e00000, 0x00000000a5e00000|100%| O|  |TAMS 0x00000000a5d00000, 0x00000000a5d00000| Untracked 
|  94|0x00000000a5e00000, 0x00000000a5f00000, 0x00000000a5f00000|100%| O|  |TAMS 0x00000000a5e00000, 0x00000000a5e00000| Untracked 
|  95|0x00000000a5f00000, 0x00000000a5fce600, 0x00000000a6000000| 80%| O|  |TAMS 0x00000000a5f00000, 0x00000000a5f00000| Untracked 
|  96|0x00000000a6000000, 0x00000000a6000000, 0x00000000a6100000|  0%| F|  |TAMS 0x00000000a6000000, 0x00000000a6000000| Untracked 
|  97|0x00000000a6100000, 0x00000000a6100000, 0x00000000a6200000|  0%| F|  |TAMS 0x00000000a6100000, 0x00000000a6100000| Untracked 
|  98|0x00000000a6200000, 0x00000000a6200000, 0x00000000a6300000|  0%| F|  |TAMS 0x00000000a6200000, 0x00000000a6200000| Untracked 
|  99|0x00000000a6300000, 0x00000000a6300000, 0x00000000a6400000|  0%| F|  |TAMS 0x00000000a6300000, 0x00000000a6300000| Untracked 
| 100|0x00000000a6400000, 0x00000000a6400000, 0x00000000a6500000|  0%| F|  |TAMS 0x00000000a6400000, 0x00000000a6400000| Untracked 
| 101|0x00000000a6500000, 0x00000000a6500000, 0x00000000a6600000|  0%| F|  |TAMS 0x00000000a6500000, 0x00000000a6500000| Untracked 
| 102|0x00000000a6600000, 0x00000000a6600000, 0x00000000a6700000|  0%| F|  |TAMS 0x00000000a6600000, 0x00000000a6600000| Untracked 
| 103|0x00000000a6700000, 0x00000000a6700000, 0x00000000a6800000|  0%| F|  |TAMS 0x00000000a6700000, 0x00000000a6700000| Untracked 
| 104|0x00000000a6800000, 0x00000000a6800000, 0x00000000a6900000|  0%| F|  |TAMS 0x00000000a6800000, 0x00000000a6800000| Untracked 
| 105|0x00000000a6900000, 0x00000000a6900000, 0x00000000a6a00000|  0%| F|  |TAMS 0x00000000a6900000, 0x00000000a6900000| Untracked 
| 106|0x00000000a6a00000, 0x00000000a6a00000, 0x00000000a6b00000|  0%| F|  |TAMS 0x00000000a6a00000, 0x00000000a6a00000| Untracked 
| 107|0x00000000a6b00000, 0x00000000a6b00000, 0x00000000a6c00000|  0%| F|  |TAMS 0x00000000a6b00000, 0x00000000a6b00000| Untracked 
| 108|0x00000000a6c00000, 0x00000000a6c00000, 0x00000000a6d00000|  0%| F|  |TAMS 0x00000000a6c00000, 0x00000000a6c00000| Untracked 
| 109|0x00000000a6d00000, 0x00000000a6d00000, 0x00000000a6e00000|  0%| F|  |TAMS 0x00000000a6d00000, 0x00000000a6d00000| Untracked 
| 110|0x00000000a6e00000, 0x00000000a6e00000, 0x00000000a6f00000|  0%| F|  |TAMS 0x00000000a6e00000, 0x00000000a6e00000| Untracked 
| 111|0x00000000a6f00000, 0x00000000a6f00000, 0x00000000a7000000|  0%| F|  |TAMS 0x00000000a6f00000, 0x00000000a6f00000| Untracked 
| 112|0x00000000a7000000, 0x00000000a7000000, 0x00000000a7100000|  0%| F|  |TAMS 0x00000000a7000000, 0x00000000a7000000| Untracked 
| 113|0x00000000a7100000, 0x00000000a7100000, 0x00000000a7200000|  0%| F|  |TAMS 0x00000000a7100000, 0x00000000a7100000| Untracked 
| 114|0x00000000a7200000, 0x00000000a7200000, 0x00000000a7300000|  0%| F|  |TAMS 0x00000000a7200000, 0x00000000a7200000| Untracked 
| 115|0x00000000a7300000, 0x00000000a7300000, 0x00000000a7400000|  0%| F|  |TAMS 0x00000000a7300000, 0x00000000a7300000| Untracked 
| 116|0x00000000a7400000, 0x00000000a7400000, 0x00000000a7500000|  0%| F|  |TAMS 0x00000000a7400000, 0x00000000a7400000| Untracked 
| 117|0x00000000a7500000, 0x00000000a7500000, 0x00000000a7600000|  0%| F|  |TAMS 0x00000000a7500000, 0x00000000a7500000| Untracked 
| 118|0x00000000a7600000, 0x00000000a7600000, 0x00000000a7700000|  0%| F|  |TAMS 0x00000000a7600000, 0x00000000a7600000| Untracked 
| 119|0x00000000a7700000, 0x00000000a7700000, 0x00000000a7800000|  0%| F|  |TAMS 0x00000000a7700000, 0x00000000a7700000| Untracked 
| 120|0x00000000a7800000, 0x00000000a7800000, 0x00000000a7900000|  0%| F|  |TAMS 0x00000000a7800000, 0x00000000a7800000| Untracked 
| 121|0x00000000a7900000, 0x00000000a7900000, 0x00000000a7a00000|  0%| F|  |TAMS 0x00000000a7900000, 0x00000000a7900000| Untracked 
| 122|0x00000000a7a00000, 0x00000000a7a00000, 0x00000000a7b00000|  0%| F|  |TAMS 0x00000000a7a00000, 0x00000000a7a00000| Untracked 
| 123|0x00000000a7b00000, 0x00000000a7b00000, 0x00000000a7c00000|  0%| F|  |TAMS 0x00000000a7b00000, 0x00000000a7b00000| Untracked 
| 124|0x00000000a7c00000, 0x00000000a7c00000, 0x00000000a7d00000|  0%| F|  |TAMS 0x00000000a7c00000, 0x00000000a7c00000| Untracked 
| 125|0x00000000a7d00000, 0x00000000a7d00000, 0x00000000a7e00000|  0%| F|  |TAMS 0x00000000a7d00000, 0x00000000a7d00000| Untracked 
| 126|0x00000000a7e00000, 0x00000000a7e00000, 0x00000000a7f00000|  0%| F|  |TAMS 0x00000000a7e00000, 0x00000000a7e00000| Untracked 
| 127|0x00000000a7f00000, 0x00000000a7f00000, 0x00000000a8000000|  0%| F|  |TAMS 0x00000000a7f00000, 0x00000000a7f00000| Untracked 
| 128|0x00000000a8000000, 0x00000000a8000000, 0x00000000a8100000|  0%| F|  |TAMS 0x00000000a8000000, 0x00000000a8000000| Untracked 
| 129|0x00000000a8100000, 0x00000000a8100000, 0x00000000a8200000|  0%| F|  |TAMS 0x00000000a8100000, 0x00000000a8100000| Untracked 
| 130|0x00000000a8200000, 0x00000000a8200000, 0x00000000a8300000|  0%| F|  |TAMS 0x00000000a8200000, 0x00000000a8200000| Untracked 
| 131|0x00000000a8300000, 0x00000000a8300000, 0x00000000a8400000|  0%| F|  |TAMS 0x00000000a8300000, 0x00000000a8300000| Untracked 
| 132|0x00000000a8400000, 0x00000000a8400000, 0x00000000a8500000|  0%| F|  |TAMS 0x00000000a8400000, 0x00000000a8400000| Untracked 
| 133|0x00000000a8500000, 0x00000000a8500000, 0x00000000a8600000|  0%| F|  |TAMS 0x00000000a8500000, 0x00000000a8500000| Untracked 
| 134|0x00000000a8600000, 0x00000000a8600000, 0x00000000a8700000|  0%| F|  |TAMS 0x00000000a8600000, 0x00000000a8600000| Untracked 
| 135|0x00000000a8700000, 0x00000000a8700000, 0x00000000a8800000|  0%| F|  |TAMS 0x00000000a8700000, 0x00000000a8700000| Untracked 
| 136|0x00000000a8800000, 0x00000000a8800000, 0x00000000a8900000|  0%| F|  |TAMS 0x00000000a8800000, 0x00000000a8800000| Untracked 
| 137|0x00000000a8900000, 0x00000000a8900000, 0x00000000a8a00000|  0%| F|  |TAMS 0x00000000a8900000, 0x00000000a8900000| Untracked 
| 138|0x00000000a8a00000, 0x00000000a8a00000, 0x00000000a8b00000|  0%| F|  |TAMS 0x00000000a8a00000, 0x00000000a8a00000| Untracked 
| 139|0x00000000a8b00000, 0x00000000a8b00000, 0x00000000a8c00000|  0%| F|  |TAMS 0x00000000a8b00000, 0x00000000a8b00000| Untracked 
| 140|0x00000000a8c00000, 0x00000000a8c00000, 0x00000000a8d00000|  0%| F|  |TAMS 0x00000000a8c00000, 0x00000000a8c00000| Untracked 
| 141|0x00000000a8d00000, 0x00000000a8d00000, 0x00000000a8e00000|  0%| F|  |TAMS 0x00000000a8d00000, 0x00000000a8d00000| Untracked 
| 142|0x00000000a8e00000, 0x00000000a8e00000, 0x00000000a8f00000|  0%| F|  |TAMS 0x00000000a8e00000, 0x00000000a8e00000| Untracked 
| 143|0x00000000a8f00000, 0x00000000a8f00000, 0x00000000a9000000|  0%| F|  |TAMS 0x00000000a8f00000, 0x00000000a8f00000| Untracked 
| 144|0x00000000a9000000, 0x00000000a9000000, 0x00000000a9100000|  0%| F|  |TAMS 0x00000000a9000000, 0x00000000a9000000| Untracked 
| 145|0x00000000a9100000, 0x00000000a9100000, 0x00000000a9200000|  0%| F|  |TAMS 0x00000000a9100000, 0x00000000a9100000| Untracked 
| 146|0x00000000a9200000, 0x00000000a9200000, 0x00000000a9300000|  0%| F|  |TAMS 0x00000000a9200000, 0x00000000a9200000| Untracked 
| 147|0x00000000a9300000, 0x00000000a9300000, 0x00000000a9400000|  0%| F|  |TAMS 0x00000000a9300000, 0x00000000a9300000| Untracked 
| 148|0x00000000a9400000, 0x00000000a9400000, 0x00000000a9500000|  0%| F|  |TAMS 0x00000000a9400000, 0x00000000a9400000| Untracked 
| 149|0x00000000a9500000, 0x00000000a9600000, 0x00000000a9600000|100%| S|CS|TAMS 0x00000000a9500000, 0x00000000a9500000| Complete 
| 150|0x00000000a9600000, 0x00000000a9700000, 0x00000000a9700000|100%| S|CS|TAMS 0x00000000a9600000, 0x00000000a9600000| Complete 
| 151|0x00000000a9700000, 0x00000000a9800000, 0x00000000a9800000|100%| S|CS|TAMS 0x00000000a9700000, 0x00000000a9700000| Complete 
| 152|0x00000000a9800000, 0x00000000a9900000, 0x00000000a9900000|100%| S|CS|TAMS 0x00000000a9800000, 0x00000000a9800000| Complete 
| 153|0x00000000a9900000, 0x00000000a9a00000, 0x00000000a9a00000|100%| S|CS|TAMS 0x00000000a9900000, 0x00000000a9900000| Complete 
| 154|0x00000000a9a00000, 0x00000000a9b00000, 0x00000000a9b00000|100%| S|CS|TAMS 0x00000000a9a00000, 0x00000000a9a00000| Complete 
| 155|0x00000000a9b00000, 0x00000000a9c00000, 0x00000000a9c00000|100%| S|CS|TAMS 0x00000000a9b00000, 0x00000000a9b00000| Complete 
| 156|0x00000000a9c00000, 0x00000000a9d00000, 0x00000000a9d00000|100%| S|CS|TAMS 0x00000000a9c00000, 0x00000000a9c00000| Complete 
| 157|0x00000000a9d00000, 0x00000000a9e00000, 0x00000000a9e00000|100%| S|CS|TAMS 0x00000000a9d00000, 0x00000000a9d00000| Complete 
| 158|0x00000000a9e00000, 0x00000000a9f00000, 0x00000000a9f00000|100%| S|CS|TAMS 0x00000000a9e00000, 0x00000000a9e00000| Complete 
| 159|0x00000000a9f00000, 0x00000000a9f00000, 0x00000000aa000000|  0%| F|  |TAMS 0x00000000a9f00000, 0x00000000a9f00000| Untracked 
| 160|0x00000000aa000000, 0x00000000aa000000, 0x00000000aa100000|  0%| F|  |TAMS 0x00000000aa000000, 0x00000000aa000000| Untracked 
| 161|0x00000000aa100000, 0x00000000aa100000, 0x00000000aa200000|  0%| F|  |TAMS 0x00000000aa100000, 0x00000000aa100000| Untracked 
| 162|0x00000000aa200000, 0x00000000aa200000, 0x00000000aa300000|  0%| F|  |TAMS 0x00000000aa200000, 0x00000000aa200000| Untracked 
| 163|0x00000000aa300000, 0x00000000aa300000, 0x00000000aa400000|  0%| F|  |TAMS 0x00000000aa300000, 0x00000000aa300000| Untracked 
| 164|0x00000000aa400000, 0x00000000aa400000, 0x00000000aa500000|  0%| F|  |TAMS 0x00000000aa400000, 0x00000000aa400000| Untracked 
| 165|0x00000000aa500000, 0x00000000aa500000, 0x00000000aa600000|  0%| F|  |TAMS 0x00000000aa500000, 0x00000000aa500000| Untracked 
| 166|0x00000000aa600000, 0x00000000aa600000, 0x00000000aa700000|  0%| F|  |TAMS 0x00000000aa600000, 0x00000000aa600000| Untracked 
| 167|0x00000000aa700000, 0x00000000aa700000, 0x00000000aa800000|  0%| F|  |TAMS 0x00000000aa700000, 0x00000000aa700000| Untracked 
| 168|0x00000000aa800000, 0x00000000aa800000, 0x00000000aa900000|  0%| F|  |TAMS 0x00000000aa800000, 0x00000000aa800000| Untracked 
| 169|0x00000000aa900000, 0x00000000aa900000, 0x00000000aaa00000|  0%| F|  |TAMS 0x00000000aa900000, 0x00000000aa900000| Untracked 
| 170|0x00000000aaa00000, 0x00000000aaa00000, 0x00000000aab00000|  0%| F|  |TAMS 0x00000000aaa00000, 0x00000000aaa00000| Untracked 
| 171|0x00000000aab00000, 0x00000000aab00000, 0x00000000aac00000|  0%| F|  |TAMS 0x00000000aab00000, 0x00000000aab00000| Untracked 
| 172|0x00000000aac00000, 0x00000000aac00000, 0x00000000aad00000|  0%| F|  |TAMS 0x00000000aac00000, 0x00000000aac00000| Untracked 
| 173|0x00000000aad00000, 0x00000000aad00000, 0x00000000aae00000|  0%| F|  |TAMS 0x00000000aad00000, 0x00000000aad00000| Untracked 
| 174|0x00000000aae00000, 0x00000000aae00000, 0x00000000aaf00000|  0%| F|  |TAMS 0x00000000aae00000, 0x00000000aae00000| Untracked 
| 175|0x00000000aaf00000, 0x00000000aaf00000, 0x00000000ab000000|  0%| F|  |TAMS 0x00000000aaf00000, 0x00000000aaf00000| Untracked 
| 176|0x00000000ab000000, 0x00000000ab000000, 0x00000000ab100000|  0%| F|  |TAMS 0x00000000ab000000, 0x00000000ab000000| Untracked 
| 177|0x00000000ab100000, 0x00000000ab100000, 0x00000000ab200000|  0%| F|  |TAMS 0x00000000ab100000, 0x00000000ab100000| Untracked 
| 178|0x00000000ab200000, 0x00000000ab200000, 0x00000000ab300000|  0%| F|  |TAMS 0x00000000ab200000, 0x00000000ab200000| Untracked 
| 179|0x00000000ab300000, 0x00000000ab300000, 0x00000000ab400000|  0%| F|  |TAMS 0x00000000ab300000, 0x00000000ab300000| Untracked 
| 180|0x00000000ab400000, 0x00000000ab400000, 0x00000000ab500000|  0%| F|  |TAMS 0x00000000ab400000, 0x00000000ab400000| Untracked 
| 181|0x00000000ab500000, 0x00000000ab500000, 0x00000000ab600000|  0%| F|  |TAMS 0x00000000ab500000, 0x00000000ab500000| Untracked 
| 182|0x00000000ab600000, 0x00000000ab600000, 0x00000000ab700000|  0%| F|  |TAMS 0x00000000ab600000, 0x00000000ab600000| Untracked 
| 183|0x00000000ab700000, 0x00000000ab700000, 0x00000000ab800000|  0%| F|  |TAMS 0x00000000ab700000, 0x00000000ab700000| Untracked 
| 184|0x00000000ab800000, 0x00000000ab800000, 0x00000000ab900000|  0%| F|  |TAMS 0x00000000ab800000, 0x00000000ab800000| Untracked 
| 185|0x00000000ab900000, 0x00000000ab900000, 0x00000000aba00000|  0%| F|  |TAMS 0x00000000ab900000, 0x00000000ab900000| Untracked 
| 186|0x00000000aba00000, 0x00000000aba00000, 0x00000000abb00000|  0%| F|  |TAMS 0x00000000aba00000, 0x00000000aba00000| Untracked 
| 187|0x00000000abb00000, 0x00000000abb00000, 0x00000000abc00000|  0%| F|  |TAMS 0x00000000abb00000, 0x00000000abb00000| Untracked 
| 188|0x00000000abc00000, 0x00000000abc00000, 0x00000000abd00000|  0%| F|  |TAMS 0x00000000abc00000, 0x00000000abc00000| Untracked 
| 189|0x00000000abd00000, 0x00000000abd00000, 0x00000000abe00000|  0%| F|  |TAMS 0x00000000abd00000, 0x00000000abd00000| Untracked 
| 190|0x00000000abe00000, 0x00000000abe00000, 0x00000000abf00000|  0%| F|  |TAMS 0x00000000abe00000, 0x00000000abe00000| Untracked 
| 191|0x00000000abf00000, 0x00000000abf00000, 0x00000000ac000000|  0%| F|  |TAMS 0x00000000abf00000, 0x00000000abf00000| Untracked 
| 192|0x00000000ac000000, 0x00000000ac000000, 0x00000000ac100000|  0%| F|  |TAMS 0x00000000ac000000, 0x00000000ac000000| Untracked 
| 193|0x00000000ac100000, 0x00000000ac100000, 0x00000000ac200000|  0%| F|  |TAMS 0x00000000ac100000, 0x00000000ac100000| Untracked 
| 194|0x00000000ac200000, 0x00000000ac200000, 0x00000000ac300000|  0%| F|  |TAMS 0x00000000ac200000, 0x00000000ac200000| Untracked 
| 195|0x00000000ac300000, 0x00000000ac300000, 0x00000000ac400000|  0%| F|  |TAMS 0x00000000ac300000, 0x00000000ac300000| Untracked 
| 196|0x00000000ac400000, 0x00000000ac400000, 0x00000000ac500000|  0%| F|  |TAMS 0x00000000ac400000, 0x00000000ac400000| Untracked 
| 197|0x00000000ac500000, 0x00000000ac500000, 0x00000000ac600000|  0%| F|  |TAMS 0x00000000ac500000, 0x00000000ac500000| Untracked 
| 198|0x00000000ac600000, 0x00000000ac6b91d8, 0x00000000ac700000| 72%| E|  |TAMS 0x00000000ac600000, 0x00000000ac600000| Complete 
| 199|0x00000000ac700000, 0x00000000ac800000, 0x00000000ac800000|100%| E|CS|TAMS 0x00000000ac700000, 0x00000000ac700000| Complete 
| 200|0x00000000ac800000, 0x00000000ac900000, 0x00000000ac900000|100%| E|CS|TAMS 0x00000000ac800000, 0x00000000ac800000| Complete 
| 201|0x00000000ac900000, 0x00000000aca00000, 0x00000000aca00000|100%| E|CS|TAMS 0x00000000ac900000, 0x00000000ac900000| Complete 
| 202|0x00000000aca00000, 0x00000000acb00000, 0x00000000acb00000|100%| E|CS|TAMS 0x00000000aca00000, 0x00000000aca00000| Complete 
| 203|0x00000000acb00000, 0x00000000acc00000, 0x00000000acc00000|100%| E|CS|TAMS 0x00000000acb00000, 0x00000000acb00000| Complete 
| 204|0x00000000acc00000, 0x00000000acd00000, 0x00000000acd00000|100%| E|CS|TAMS 0x00000000acc00000, 0x00000000acc00000| Complete 
| 205|0x00000000acd00000, 0x00000000ace00000, 0x00000000ace00000|100%| E|CS|TAMS 0x00000000acd00000, 0x00000000acd00000| Complete 
| 206|0x00000000ace00000, 0x00000000acf00000, 0x00000000acf00000|100%| E|CS|TAMS 0x00000000ace00000, 0x00000000ace00000| Complete 
| 207|0x00000000acf00000, 0x00000000ad000000, 0x00000000ad000000|100%| E|CS|TAMS 0x00000000acf00000, 0x00000000acf00000| Complete 
| 208|0x00000000ad000000, 0x00000000ad100000, 0x00000000ad100000|100%| E|CS|TAMS 0x00000000ad000000, 0x00000000ad000000| Complete 
| 209|0x00000000ad100000, 0x00000000ad200000, 0x00000000ad200000|100%| E|CS|TAMS 0x00000000ad100000, 0x00000000ad100000| Complete 
| 210|0x00000000ad200000, 0x00000000ad300000, 0x00000000ad300000|100%| E|CS|TAMS 0x00000000ad200000, 0x00000000ad200000| Complete 
| 211|0x00000000ad300000, 0x00000000ad400000, 0x00000000ad400000|100%| E|CS|TAMS 0x00000000ad300000, 0x00000000ad300000| Complete 
| 212|0x00000000ad400000, 0x00000000ad500000, 0x00000000ad500000|100%| E|CS|TAMS 0x00000000ad400000, 0x00000000ad400000| Complete 
| 213|0x00000000ad500000, 0x00000000ad600000, 0x00000000ad600000|100%| E|CS|TAMS 0x00000000ad500000, 0x00000000ad500000| Complete 
| 214|0x00000000ad600000, 0x00000000ad700000, 0x00000000ad700000|100%| E|CS|TAMS 0x00000000ad600000, 0x00000000ad600000| Complete 
| 215|0x00000000ad700000, 0x00000000ad800000, 0x00000000ad800000|100%| E|CS|TAMS 0x00000000ad700000, 0x00000000ad700000| Complete 
| 216|0x00000000ad800000, 0x00000000ad900000, 0x00000000ad900000|100%| E|CS|TAMS 0x00000000ad800000, 0x00000000ad800000| Complete 
| 217|0x00000000ad900000, 0x00000000ada00000, 0x00000000ada00000|100%| E|CS|TAMS 0x00000000ad900000, 0x00000000ad900000| Complete 
| 218|0x00000000ada00000, 0x00000000adb00000, 0x00000000adb00000|100%| E|CS|TAMS 0x00000000ada00000, 0x00000000ada00000| Complete 
| 219|0x00000000adb00000, 0x00000000adc00000, 0x00000000adc00000|100%| E|CS|TAMS 0x00000000adb00000, 0x00000000adb00000| Complete 
| 220|0x00000000adc00000, 0x00000000add00000, 0x00000000add00000|100%| E|CS|TAMS 0x00000000adc00000, 0x00000000adc00000| Complete 
| 221|0x00000000add00000, 0x00000000ade00000, 0x00000000ade00000|100%| E|CS|TAMS 0x00000000add00000, 0x00000000add00000| Complete 
| 222|0x00000000ade00000, 0x00000000adf00000, 0x00000000adf00000|100%| E|CS|TAMS 0x00000000ade00000, 0x00000000ade00000| Complete 
| 223|0x00000000adf00000, 0x00000000ae000000, 0x00000000ae000000|100%| E|CS|TAMS 0x00000000adf00000, 0x00000000adf00000| Complete 
| 224|0x00000000ae000000, 0x00000000ae100000, 0x00000000ae100000|100%| E|CS|TAMS 0x00000000ae000000, 0x00000000ae000000| Complete 
| 225|0x00000000ae100000, 0x00000000ae200000, 0x00000000ae200000|100%| E|CS|TAMS 0x00000000ae100000, 0x00000000ae100000| Complete 
| 226|0x00000000ae200000, 0x00000000ae300000, 0x00000000ae300000|100%| E|CS|TAMS 0x00000000ae200000, 0x00000000ae200000| Complete 
| 227|0x00000000ae300000, 0x00000000ae400000, 0x00000000ae400000|100%| E|CS|TAMS 0x00000000ae300000, 0x00000000ae300000| Complete 
| 228|0x00000000ae400000, 0x00000000ae500000, 0x00000000ae500000|100%| E|CS|TAMS 0x00000000ae400000, 0x00000000ae400000| Complete 
| 229|0x00000000ae500000, 0x00000000ae600000, 0x00000000ae600000|100%| E|CS|TAMS 0x00000000ae500000, 0x00000000ae500000| Complete 
| 230|0x00000000ae600000, 0x00000000ae700000, 0x00000000ae700000|100%| E|CS|TAMS 0x00000000ae600000, 0x00000000ae600000| Complete 
| 231|0x00000000ae700000, 0x00000000ae800000, 0x00000000ae800000|100%| E|  |TAMS 0x00000000ae700000, 0x00000000ae700000| Complete 
| 232|0x00000000ae800000, 0x00000000ae900000, 0x00000000ae900000|100%| E|CS|TAMS 0x00000000ae800000, 0x00000000ae800000| Complete 
| 233|0x00000000ae900000, 0x00000000aea00000, 0x00000000aea00000|100%| E|CS|TAMS 0x00000000ae900000, 0x00000000ae900000| Complete 
| 234|0x00000000aea00000, 0x00000000aeb00000, 0x00000000aeb00000|100%| E|CS|TAMS 0x00000000aea00000, 0x00000000aea00000| Complete 
| 235|0x00000000aeb00000, 0x00000000aec00000, 0x00000000aec00000|100%| E|CS|TAMS 0x00000000aeb00000, 0x00000000aeb00000| Complete 
| 236|0x00000000aec00000, 0x00000000aed00000, 0x00000000aed00000|100%| E|CS|TAMS 0x00000000aec00000, 0x00000000aec00000| Complete 
| 237|0x00000000aed00000, 0x00000000aee00000, 0x00000000aee00000|100%| E|CS|TAMS 0x00000000aed00000, 0x00000000aed00000| Complete 
| 238|0x00000000aee00000, 0x00000000aef00000, 0x00000000aef00000|100%| E|CS|TAMS 0x00000000aee00000, 0x00000000aee00000| Complete 
| 239|0x00000000aef00000, 0x00000000af000000, 0x00000000af000000|100%| E|CS|TAMS 0x00000000aef00000, 0x00000000aef00000| Complete 
| 240|0x00000000af000000, 0x00000000af100000, 0x00000000af100000|100%| E|CS|TAMS 0x00000000af000000, 0x00000000af000000| Complete 
| 241|0x00000000af100000, 0x00000000af200000, 0x00000000af200000|100%| E|CS|TAMS 0x00000000af100000, 0x00000000af100000| Complete 
| 242|0x00000000af200000, 0x00000000af300000, 0x00000000af300000|100%| E|CS|TAMS 0x00000000af200000, 0x00000000af200000| Complete 
| 243|0x00000000af300000, 0x00000000af400000, 0x00000000af400000|100%| E|CS|TAMS 0x00000000af300000, 0x00000000af300000| Complete 
| 244|0x00000000af400000, 0x00000000af500000, 0x00000000af500000|100%| E|CS|TAMS 0x00000000af400000, 0x00000000af400000| Complete 
| 245|0x00000000af500000, 0x00000000af600000, 0x00000000af600000|100%| E|CS|TAMS 0x00000000af500000, 0x00000000af500000| Complete 
| 246|0x00000000af600000, 0x00000000af700000, 0x00000000af700000|100%| E|CS|TAMS 0x00000000af600000, 0x00000000af600000| Complete 
| 247|0x00000000af700000, 0x00000000af800000, 0x00000000af800000|100%| E|CS|TAMS 0x00000000af700000, 0x00000000af700000| Complete 
| 248|0x00000000af800000, 0x00000000af900000, 0x00000000af900000|100%| E|CS|TAMS 0x00000000af800000, 0x00000000af800000| Complete 
| 249|0x00000000af900000, 0x00000000afa00000, 0x00000000afa00000|100%| E|CS|TAMS 0x00000000af900000, 0x00000000af900000| Complete 
| 250|0x00000000afa00000, 0x00000000afb00000, 0x00000000afb00000|100%| E|CS|TAMS 0x00000000afa00000, 0x00000000afa00000| Complete 
| 251|0x00000000afb00000, 0x00000000afc00000, 0x00000000afc00000|100%| E|CS|TAMS 0x00000000afb00000, 0x00000000afb00000| Complete 
| 252|0x00000000afc00000, 0x00000000afd00000, 0x00000000afd00000|100%| E|CS|TAMS 0x00000000afc00000, 0x00000000afc00000| Complete 
| 253|0x00000000afd00000, 0x00000000afe00000, 0x00000000afe00000|100%| E|CS|TAMS 0x00000000afd00000, 0x00000000afd00000| Complete 

Card table byte_map: [0x0000022f4c1a0000,0x0000022f4c4a0000] _byte_map_base: 0x0000022f4bca0000

Marking Bits (Prev, Next): (CMBitMap*) 0x0000022f393eafc0, (CMBitMap*) 0x0000022f393eaf88
 Prev Bits: [0x0000022f4dfa0000, 0x0000022f4f7a0000)
 Next Bits: [0x0000022f4c7a0000, 0x0000022f4dfa0000)

Polling page: 0x0000022f38b90000

Metaspace:

Usage:
  Non-class:     81.27 MB capacity,    79.24 MB ( 97%) used,     1.77 MB (  2%) free+waste,   268.63 KB ( <1%) overhead. 
      Class:     12.91 MB capacity,    11.89 MB ( 92%) used,   918.69 KB (  7%) free+waste,   125.00 KB ( <1%) overhead. 
       Both:     94.19 MB capacity,    91.13 MB ( 97%) used,     2.67 MB (  3%) free+waste,   393.63 KB ( <1%) overhead. 

Virtual space:
  Non-class space:       82.00 MB reserved,      81.29 MB (>99%) committed 
      Class space:        1.00 GB reserved,      12.95 MB (  1%) committed 
             Both:        1.08 GB reserved,      94.23 MB (  9%) committed 

Chunk freelists:
   Non-Class:  11.00 KB
       Class:  0 bytes
        Both:  11.00 KB

MaxMetaspaceSize: 17179869184.00 GB
CompressedClassSpaceSize: 1.00 GB

CodeHeap 'non-profiled nmethods': size=120064Kb used=7758Kb max_used=7758Kb free=112305Kb
 bounds [0x0000022f44960000, 0x0000022f45100000, 0x0000022f4bea0000]
CodeHeap 'profiled nmethods': size=120000Kb used=24713Kb max_used=24713Kb free=95286Kb
 bounds [0x0000022f3d430000, 0x0000022f3ec60000, 0x0000022f44960000]
CodeHeap 'non-nmethods': size=5696Kb used=2287Kb max_used=2352Kb free=3408Kb
 bounds [0x0000022f3cea0000, 0x0000022f3d110000, 0x0000022f3d430000]
 total_blobs=11909 nmethods=11018 adapters=802
 compilation: enabled
              stopped_count=0, restarted_count=0
 full_count=0

Compilation events (20 events):
Event: 71.811 Thread 0x0000022f5255b000 11060       3       org.gradle.internal.io.StreamByteBuffer$StreamByteBufferOutputStream::write (22 bytes)
Event: 71.811 Thread 0x0000022f5255b000 nmethod 11060 0x0000022f3ec4aa90 code [0x0000022f3ec4ac60, 0x0000022f3ec4aee8]
Event: 71.814 Thread 0x0000022f5255a000 nmethod 11056 0x0000022f450f2090 code [0x0000022f450f2240, 0x0000022f450f24f8]
Event: 71.814 Thread 0x0000022f5255a000 11057       4       org.gradle.internal.logging.text.AbstractLineChoppingStyledTextOutput$1::execute (9 bytes)
Event: 71.826 Thread 0x0000022f5255a000 nmethod 11057 0x0000022f450f2790 code [0x0000022f450f29a0, 0x0000022f450f3170]
Event: 71.830 Thread 0x0000022f5255a000 11061       4       org.gradle.internal.logging.text.AbstractLineChoppingStyledTextOutput::doAppend (43 bytes)
Event: 71.830 Thread 0x0000022f5255b000 11063       3       org.gradle.internal.logging.text.AbstractStyledTextOutput::style (20 bytes)
Event: 71.830 Thread 0x0000022f5255b000 nmethod 11063 0x0000022f3ec4b090 code [0x0000022f3ec4b260, 0x0000022f3ec4b4c8]
Event: 71.831 Thread 0x0000022f5255b000 11064       1       org.gradle.launcher.daemon.server.exec.LogToClient::access$100 (5 bytes)
Event: 71.831 Thread 0x0000022f5255b000 nmethod 11064 0x0000022f450f3810 code [0x0000022f450f39c0, 0x0000022f450f3a58]
Event: 71.831 Thread 0x0000022f5255b000 11065   !   3       java.io.BufferedWriter::flushBuffer (53 bytes)
Event: 71.831 Thread 0x0000022f5255b000 nmethod 11065 0x0000022f3ec4b590 code [0x0000022f3ec4b780, 0x0000022f3ec4bd18]
Event: 71.831 Thread 0x0000022f5255b000 11070       3       org.gradle.internal.logging.sink.OutputEventTransformer::onOutput (399 bytes)
Event: 71.833 Thread 0x0000022f5255b000 nmethod 11070 0x0000022f3ec4bf90 code [0x0000022f3ec4c3a0, 0x0000022f3ec4e6d8]
Event: 71.833 Thread 0x0000022f5255b000 11066   !   3       java.io.BufferedWriter::write (117 bytes)
Event: 71.834 Thread 0x0000022f5255b000 nmethod 11066 0x0000022f3ec4ed10 code [0x0000022f3ec4ef20, 0x0000022f3ec4f628]
Event: 71.834 Thread 0x0000022f5255b000 11068   !   3       java.io.PrintStream::write (83 bytes)
Event: 71.835 Thread 0x0000022f5255b000 nmethod 11068 0x0000022f3ec4f990 code [0x0000022f3ec4fc40, 0x0000022f3ec509d8]
Event: 71.835 Thread 0x0000022f5255b000 11067       3       java.io.OutputStreamWriter::flushBuffer (8 bytes)
Event: 71.835 Thread 0x0000022f5255b000 nmethod 11067 0x0000022f3ec51010 code [0x0000022f3ec511c0, 0x0000022f3ec512e8]

GC Heap History (20 events):
Event: 8.133 GC heap before
{Heap before GC invocations=4 (full 0):
 garbage-first heap   total 260096K, used 70574K [0x00000000a0000000, 0x0000000100000000)
  region size 1024K, 53 young (54272K), 1 survivors (1024K)
 Metaspace       used 27181K, capacity 27810K, committed 28080K, reserved 1073152K
  class space    used 3545K, capacity 3772K, committed 3840K, reserved 1048576K
}
Event: 8.139 GC heap after
{Heap after GC invocations=5 (full 0):
 garbage-first heap   total 260096K, used 18905K [0x00000000a0000000, 0x0000000100000000)
  region size 1024K, 3 young (3072K), 3 survivors (3072K)
 Metaspace       used 27181K, capacity 27810K, committed 28080K, reserved 1073152K
  class space    used 3545K, capacity 3772K, committed 3840K, reserved 1048576K
}
Event: 9.734 GC heap before
{Heap before GC invocations=5 (full 0):
 garbage-first heap   total 260096K, used 67033K [0x00000000a0000000, 0x0000000100000000)
  region size 1024K, 51 young (52224K), 3 survivors (3072K)
 Metaspace       used 34826K, capacity 35594K, committed 35708K, reserved 1081344K
  class space    used 4499K, capacity 4815K, committed 4864K, reserved 1048576K
}
Event: 9.750 GC heap after
{Heap after GC invocations=6 (full 0):
 garbage-first heap   total 260096K, used 21923K [0x00000000a0000000, 0x0000000100000000)
  region size 1024K, 6 young (6144K), 6 survivors (6144K)
 Metaspace       used 34826K, capacity 35594K, committed 35708K, reserved 1081344K
  class space    used 4499K, capacity 4815K, committed 4864K, reserved 1048576K
}
Event: 12.893 GC heap before
{Heap before GC invocations=7 (full 0):
 garbage-first heap   total 260096K, used 116131K [0x00000000a0000000, 0x0000000100000000)
  region size 1024K, 96 young (98304K), 6 survivors (6144K)
 Metaspace       used 42646K, capacity 43606K, committed 43644K, reserved 1087488K
  class space    used 5494K, capacity 5856K, committed 5888K, reserved 1048576K
}
Event: 12.907 GC heap after
{Heap after GC invocations=8 (full 0):
 garbage-first heap   total 260096K, used 28223K [0x00000000a0000000, 0x0000000100000000)
  region size 1024K, 12 young (12288K), 12 survivors (12288K)
 Metaspace       used 42646K, capacity 43606K, committed 43644K, reserved 1087488K
  class space    used 5494K, capacity 5856K, committed 5888K, reserved 1048576K
}
Event: 18.253 GC heap before
{Heap before GC invocations=8 (full 0):
 garbage-first heap   total 260096K, used 158271K [0x00000000a0000000, 0x0000000100000000)
  region size 1024K, 130 young (133120K), 12 survivors (12288K)
 Metaspace       used 49100K, capacity 50453K, committed 50684K, reserved 1093632K
  class space    used 6222K, capacity 6701K, committed 6784K, reserved 1048576K
}
Event: 18.278 GC heap after
{Heap after GC invocations=9 (full 0):
 garbage-first heap   total 260096K, used 48865K [0x00000000a0000000, 0x0000000100000000)
  region size 1024K, 17 young (17408K), 17 survivors (17408K)
 Metaspace       used 49100K, capacity 50453K, committed 50684K, reserved 1093632K
  class space    used 6222K, capacity 6701K, committed 6784K, reserved 1048576K
}
Event: 21.567 GC heap before
{Heap before GC invocations=9 (full 0):
 garbage-first heap   total 260096K, used 125665K [0x00000000a0000000, 0x0000000100000000)
  region size 1024K, 93 young (95232K), 17 survivors (17408K)
 Metaspace       used 58423K, capacity 59849K, committed 59940K, reserved 1101824K
  class space    used 7362K, capacity 7910K, committed 7936K, reserved 1048576K
}
Event: 21.597 GC heap after
{Heap after GC invocations=10 (full 0):
 garbage-first heap   total 260096K, used 52604K [0x00000000a0000000, 0x0000000100000000)
  region size 1024K, 4 young (4096K), 4 survivors (4096K)
 Metaspace       used 58423K, capacity 59849K, committed 59940K, reserved 1101824K
  class space    used 7362K, capacity 7910K, committed 7936K, reserved 1048576K
}
Event: 24.805 GC heap before
{Heap before GC invocations=11 (full 0):
 garbage-first heap   total 260096K, used 163196K [0x00000000a0000000, 0x0000000100000000)
  region size 1024K, 111 young (113664K), 4 survivors (4096K)
 Metaspace       used 67170K, capacity 68785K, committed 68848K, reserved 1110016K
  class space    used 8514K, capacity 9107K, committed 9164K, reserved 1048576K
}
Event: 24.818 GC heap after
{Heap after GC invocations=12 (full 0):
 garbage-first heap   total 260096K, used 58764K [0x00000000a0000000, 0x0000000100000000)
  region size 1024K, 10 young (10240K), 10 survivors (10240K)
 Metaspace       used 67170K, capacity 68785K, committed 68848K, reserved 1110016K
  class space    used 8514K, capacity 9107K, committed 9164K, reserved 1048576K
}
Event: 32.602 GC heap before
{Heap before GC invocations=12 (full 0):
 garbage-first heap   total 260096K, used 172428K [0x00000000a0000000, 0x0000000100000000)
  region size 1024K, 119 young (121856K), 10 survivors (10240K)
 Metaspace       used 69522K, capacity 71565K, committed 71792K, reserved 1112064K
  class space    used 8808K, capacity 9470K, committed 9548K, reserved 1048576K
}
Event: 32.622 GC heap after
{Heap after GC invocations=13 (full 0):
 garbage-first heap   total 260096K, used 71389K [0x00000000a0000000, 0x0000000100000000)
  region size 1024K, 15 young (15360K), 15 survivors (15360K)
 Metaspace       used 69522K, capacity 71565K, committed 71792K, reserved 1112064K
  class space    used 8808K, capacity 9470K, committed 9548K, reserved 1048576K
}
Event: 35.985 GC heap before
{Heap before GC invocations=13 (full 0):
 garbage-first heap   total 260096K, used 180957K [0x00000000a0000000, 0x0000000100000000)
  region size 1024K, 122 young (124928K), 15 survivors (15360K)
 Metaspace       used 77178K, capacity 79284K, committed 79472K, reserved 1118208K
  class space    used 10011K, capacity 10776K, committed 10828K, reserved 1048576K
}
Event: 36.012 GC heap after
{Heap after GC invocations=14 (full 0):
 garbage-first heap   total 260096K, used 80201K [0x00000000a0000000, 0x0000000100000000)
  region size 1024K, 9 young (9216K), 9 survivors (9216K)
 Metaspace       used 77178K, capacity 79284K, committed 79472K, reserved 1118208K
  class space    used 10011K, capacity 10776K, committed 10828K, reserved 1048576K
}
Event: 43.891 GC heap before
{Heap before GC invocations=14 (full 0):
 garbage-first heap   total 260096K, used 189769K [0x00000000a0000000, 0x0000000100000000)
  region size 1024K, 115 young (117760K), 9 survivors (9216K)
 Metaspace       used 82246K, capacity 84905K, committed 84976K, reserved 1122304K
  class space    used 10732K, capacity 11655K, committed 11724K, reserved 1048576K
}
Event: 43.920 GC heap after
{Heap after GC invocations=15 (full 0):
 garbage-first heap   total 260096K, used 97792K [0x00000000a0000000, 0x0000000100000000)
  region size 1024K, 15 young (15360K), 15 survivors (15360K)
 Metaspace       used 82246K, capacity 84905K, committed 84976K, reserved 1122304K
  class space    used 10732K, capacity 11655K, committed 11724K, reserved 1048576K
}
Event: 46.814 GC heap before
{Heap before GC invocations=15 (full 0):
 garbage-first heap   total 260096K, used 195072K [0x00000000a0000000, 0x0000000100000000)
  region size 1024K, 110 young (112640K), 15 survivors (15360K)
 Metaspace       used 89267K, capacity 92159K, committed 92272K, reserved 1128448K
  class space    used 11645K, capacity 12581K, committed 12620K, reserved 1048576K
}
Event: 46.846 GC heap after
{Heap after GC invocations=16 (full 0):
 garbage-first heap   total 260096K, used 108345K [0x00000000a0000000, 0x0000000100000000)
  region size 1024K, 10 young (10240K), 10 survivors (10240K)
 Metaspace       used 89267K, capacity 92159K, committed 92272K, reserved 1128448K
  class space    used 11645K, capacity 12581K, committed 12620K, reserved 1048576K
}

Deoptimization events (20 events):
Event: 55.643 Thread 0x0000022f54da2800 Uncommon trap: trap_request=0xffffffc6 fr.pc=0x0000022f45069a5c relative=0x0000000000000b5c
Event: 55.643 Thread 0x0000022f54da2800 Uncommon trap: reason=bimorphic_or_optimized_type_check action=maybe_recompile pc=0x0000022f45069a5c method=java.util.HashMap.removeNode(ILjava/lang/Object;Ljava/lang/Object;ZZ)Ljava/util/HashMap$Node; @ 283 c2
Event: 55.643 Thread 0x0000022f54da2800 DEOPT PACKING pc=0x0000022f45069a5c sp=0x000000ec7c7fdec0
Event: 55.643 Thread 0x0000022f54da2800 DEOPT UNPACKING pc=0x0000022f3cec78af sp=0x000000ec7c7fdde8 mode 2
Event: 71.808 Thread 0x0000022f5363b800 Uncommon trap: trap_request=0xffffffc6 fr.pc=0x0000022f44ee499c relative=0x000000000000007c
Event: 71.808 Thread 0x0000022f5363b800 Uncommon trap: reason=bimorphic_or_optimized_type_check action=maybe_recompile pc=0x0000022f44ee499c method=org.gradle.internal.logging.sink.OutputEventRenderer.onOutput(Lorg/gradle/internal/logging/events/OutputEvent;)V @ 1 c2
Event: 71.808 Thread 0x0000022f5363b800 DEOPT PACKING pc=0x0000022f44ee499c sp=0x000000ec014fe770
Event: 71.808 Thread 0x0000022f5363b800 DEOPT UNPACKING pc=0x0000022f3cec78af sp=0x000000ec014fe6c8 mode 2
Event: 71.808 Thread 0x0000022f5363b800 Uncommon trap: trap_request=0xffffffc6 fr.pc=0x0000022f44ee499c relative=0x000000000000007c
Event: 71.808 Thread 0x0000022f5363b800 Uncommon trap: reason=bimorphic_or_optimized_type_check action=maybe_recompile pc=0x0000022f44ee499c method=org.gradle.internal.logging.sink.OutputEventRenderer.onOutput(Lorg/gradle/internal/logging/events/OutputEvent;)V @ 1 c2
Event: 71.808 Thread 0x0000022f5363b800 DEOPT PACKING pc=0x0000022f44ee499c sp=0x000000ec014fe770
Event: 71.808 Thread 0x0000022f5363b800 DEOPT UNPACKING pc=0x0000022f3cec78af sp=0x000000ec014fe6c8 mode 2
Event: 71.808 Thread 0x0000022f5363b800 Uncommon trap: trap_request=0xffffffc6 fr.pc=0x0000022f44ee499c relative=0x000000000000007c
Event: 71.808 Thread 0x0000022f5363b800 Uncommon trap: reason=bimorphic_or_optimized_type_check action=maybe_recompile pc=0x0000022f44ee499c method=org.gradle.internal.logging.sink.OutputEventRenderer.onOutput(Lorg/gradle/internal/logging/events/OutputEvent;)V @ 1 c2
Event: 71.808 Thread 0x0000022f5363b800 DEOPT PACKING pc=0x0000022f44ee499c sp=0x000000ec014fe770
Event: 71.808 Thread 0x0000022f5363b800 DEOPT UNPACKING pc=0x0000022f3cec78af sp=0x000000ec014fe6c8 mode 2
Event: 71.809 Thread 0x0000022f5363b800 Uncommon trap: trap_request=0xffffffc6 fr.pc=0x0000022f44ee499c relative=0x000000000000007c
Event: 71.809 Thread 0x0000022f5363b800 Uncommon trap: reason=bimorphic_or_optimized_type_check action=maybe_recompile pc=0x0000022f44ee499c method=org.gradle.internal.logging.sink.OutputEventRenderer.onOutput(Lorg/gradle/internal/logging/events/OutputEvent;)V @ 1 c2
Event: 71.809 Thread 0x0000022f5363b800 DEOPT PACKING pc=0x0000022f44ee499c sp=0x000000ec014fe770
Event: 71.809 Thread 0x0000022f5363b800 DEOPT UNPACKING pc=0x0000022f3cec78af sp=0x000000ec014fe6c8 mode 2

Classes redefined (0 events):
No events

Internal exceptions (20 events):
Event: 50.522 Thread 0x0000022f5363a000 Exception <a 'java/lang/ClassNotFoundException'{0x00000000acbcd878}: org/gradle/process/internal/DefaultExecActionBeanInfo> (0x00000000acbcd878) thrown at [./src/hotspot/share/classfile/systemDictionary.cpp, line 231]
Event: 50.527 Thread 0x0000022f5363a000 Exception <a 'java/lang/ClassNotFoundException'{0x00000000aca01de8}: org/gradle/process/internal/DefaultExecHandleBuilderBeanInfo> (0x00000000aca01de8) thrown at [./src/hotspot/share/classfile/systemDictionary.cpp, line 231]
Event: 50.557 Thread 0x0000022f5363a000 Exception <a 'java/lang/ClassNotFoundException'{0x00000000aca36740}: org/gradle/process/internal/AbstractExecHandleBuilderBeanInfo> (0x00000000aca36740) thrown at [./src/hotspot/share/classfile/systemDictionary.cpp, line 231]
Event: 50.563 Thread 0x0000022f5363a000 Exception <a 'java/lang/ClassNotFoundException'{0x00000000aca6b5f0}: org/gradle/process/internal/DefaultProcessForkOptionsBeanInfo> (0x00000000aca6b5f0) thrown at [./src/hotspot/share/classfile/systemDictionary.cpp, line 231]
Event: 50.570 Thread 0x0000022f5363a000 Exception <a 'java/lang/ClassNotFoundException'{0x00000000acaa0a98}: org/gradle/process/internal/DefaultProcessForkOptionsCustomizer> (0x00000000acaa0a98) thrown at [./src/hotspot/share/classfile/systemDictionary.cpp, line 231]
Event: 50.581 Thread 0x0000022f5363a000 Exception <a 'java/lang/ClassNotFoundException'{0x00000000acae28b0}: org/gradle/process/internal/AbstractExecHandleBuilderCustomizer> (0x00000000acae28b0) thrown at [./src/hotspot/share/classfile/systemDictionary.cpp, line 231]
Event: 50.587 Thread 0x0000022f5363a000 Exception <a 'java/lang/ClassNotFoundException'{0x00000000ac928e10}: org/gradle/process/internal/DefaultExecHandleBuilderCustomizer> (0x00000000ac928e10) thrown at [./src/hotspot/share/classfile/systemDictionary.cpp, line 231]
Event: 50.597 Thread 0x0000022f5363a000 Exception <a 'java/lang/ClassNotFoundException'{0x00000000ac986e70}: org/gradle/process/internal/DefaultExecActionCustomizer> (0x00000000ac986e70) thrown at [./src/hotspot/share/classfile/systemDictionary.cpp, line 231]
Event: 50.615 Thread 0x0000022f5363a000 Exception <a 'java/lang/ClassNotFoundException'{0x00000000ac9c4300}: org/gradle/process/internal/DefaultExecAction_DecoratedCustomizer> (0x00000000ac9c4300) thrown at [./src/hotspot/share/classfile/systemDictionary.cpp, line 231]
Event: 50.627 Thread 0x0000022f5363a000 Exception <a 'java/lang/ClassNotFoundException'{0x00000000ac81f888}: org/gradle/api/logging/LogLevelBeanInfo> (0x00000000ac81f888) thrown at [./src/hotspot/share/classfile/systemDictionary.cpp, line 231]
Event: 50.634 Thread 0x0000022f5363a000 Exception <a 'java/lang/ClassNotFoundException'{0x00000000ac84b0a8}: org/gradle/api/logging/LogLevelCustomizer> (0x00000000ac84b0a8) thrown at [./src/hotspot/share/classfile/systemDictionary.cpp, line 231]
Event: 50.680 Thread 0x0000022f5363a000 Exception <a 'java/lang/ClassNotFoundException'{0x00000000ac8c00a0}: org/gradle/internal/logging/services/DefaultLoggingManagerBeanInfo> (0x00000000ac8c00a0) thrown at [./src/hotspot/share/classfile/systemDictionary.cpp, line 231]
Event: 50.690 Thread 0x0000022f5363a000 Exception <a 'java/lang/ClassNotFoundException'{0x00000000ac8f5580}: org/gradle/internal/logging/services/DefaultLoggingManagerCustomizer> (0x00000000ac8f5580) thrown at [./src/hotspot/share/classfile/systemDictionary.cpp, line 231]
Event: 50.710 Thread 0x0000022f5363a000 Exception <a 'java/lang/ClassNotFoundException'{0x00000000ac731260}: java/lang/BooleanBeanInfo> (0x00000000ac731260) thrown at [./src/hotspot/share/classfile/systemDictionary.cpp, line 231]
Event: 50.712 Thread 0x0000022f5363a000 Exception <a 'java/lang/ClassNotFoundException'{0x00000000ac73bc28}: java/lang/BooleanCustomizer> (0x00000000ac73bc28) thrown at [./src/hotspot/share/classfile/systemDictionary.cpp, line 231]
Event: 51.094 Thread 0x0000022f5363c800 Exception <a 'java/lang/NoSuchMethodError'{0x00000000ac7b9f10}: 'void java.lang.invoke.DirectMethodHandle$Holder.invokeStatic(java.lang.Object, long)'> (0x00000000ac7b9f10) thrown at [./src/hotspot/share/interpreter/linkResolver.cpp, line 773]
Event: 51.095 Thread 0x0000022f5363c800 Exception <a 'java/lang/NoSuchMethodError'{0x00000000ac7bee80}: 'java.lang.Object java.lang.invoke.DirectMethodHandle$Holder.invokeStatic(java.lang.Object, long)'> (0x00000000ac7bee80) thrown at [./src/hotspot/share/interpreter/linkResolver.cpp, line 773]
Event: 51.165 Thread 0x0000022f5363c800 Exception <a 'java/lang/NoSuchMethodError'{0x00000000ac7d1680}: 'java.lang.Object java.lang.invoke.DirectMethodHandle$Holder.invokeStaticInit(java.lang.Object, java.lang.Object, long, java.lang.Object)'> (0x00000000ac7d1680) thrown at [./src/hotspot/share/interpreter/linkResolver.cpp, line 773]
Event: 51.175 Thread 0x0000022f5363c800 Exception <a 'java/lang/NoSuchMethodError'{0x00000000ac7d7570}: 'java.lang.Object java.lang.invoke.DirectMethodHandle$Holder.invokeStatic(java.lang.Object, java.lang.Object, long)'> (0x00000000ac7d7570) thrown at [./src/hotspot/share/interpreter/linkResolver.cpp, line 773]
Event: 51.176 Thread 0x0000022f5363c800 Exception <a 'java/lang/NoSuchMethodError'{0x00000000ac7ddaa8}: 'java.lang.Object java.lang.invoke.Invokers$Holder.linkToTargetMethod(java.lang.Object, long, java.lang.Object)'> (0x00000000ac7ddaa8) thrown at [./src/hotspot/share/interpreter/linkResolver.cpp, line 773]

Events (20 events):
Event: 51.177 loading class java/lang/ProcessImpl$2
Event: 51.178 loading class java/lang/ProcessImpl$2 done
Event: 51.182 loading class java/lang/Process$PipeInputStream
Event: 51.182 loading class java/lang/Process$PipeInputStream done
Event: 51.187 Executing VM operation: Deoptimize
Event: 51.196 Executing VM operation: Deoptimize done
Event: 51.197 loading class org/gradle/process/internal/streams/ExecOutputHandleRunner
Event: 51.197 loading class org/gradle/process/internal/streams/ExecOutputHandleRunner done
Event: 51.212 Thread 0x0000022f5363b800 Thread added: 0x0000022f5363b800
Event: 51.213 Thread 0x0000022f53638000 Thread added: 0x0000022f53638000
Event: 71.806 loading class org/gradle/internal/logging/events/StyledTextOutputEvent$Span
Event: 71.806 loading class org/gradle/internal/logging/events/StyledTextOutputEvent$Span done
Event: 71.806 loading class org/gradle/internal/logging/events/operations/StyledTextBuildOperationProgressDetails$Span
Event: 71.806 loading class org/gradle/internal/logging/events/operations/StyledTextBuildOperationProgressDetails$Span done
Event: 71.806 loading class org/gradle/internal/operations/logging/StyledTextBuildOperationProgressDetails$Span
Event: 71.806 loading class org/gradle/internal/operations/logging/StyledTextBuildOperationProgressDetails$Span done
Event: 71.806 Executing VM operation: RevokeBias
Event: 71.807 Executing VM operation: RevokeBias done
Event: 71.807 Executing VM operation: RevokeBias
Event: 71.807 Executing VM operation: RevokeBias done


Dynamic libraries:
0x00007ff659ac0000 - 0x00007ff659aca000 	C:\Program Files\Android\Android Studio\jre\bin\java.exe
0x00007ffcff3e0000 - 0x00007ffcff5e9000 	C:\WINDOWS\SYSTEM32\ntdll.dll
0x00007ffcfd2f0000 - 0x00007ffcfd3ad000 	C:\WINDOWS\System32\KERNEL32.DLL
0x00007ffcfcc80000 - 0x00007ffcfcff9000 	C:\WINDOWS\System32\KERNELBASE.dll
0x00007ffcfc9f0000 - 0x00007ffcfcb01000 	C:\WINDOWS\System32\ucrtbase.dll
0x00007ffcf6570000 - 0x00007ffcf6589000 	C:\Program Files\Android\Android Studio\jre\bin\jli.dll
0x00007ffced3f0000 - 0x00007ffced407000 	C:\Program Files\Android\Android Studio\jre\bin\VCRUNTIME140.dll
0x00007ffcfe840000 - 0x00007ffcfe9ec000 	C:\WINDOWS\System32\USER32.dll
0x00007ffcfc9c0000 - 0x00007ffcfc9e6000 	C:\WINDOWS\System32\win32u.dll
0x00007ffce8210000 - 0x00007ffce84b5000 	C:\WINDOWS\WinSxS\amd64_microsoft.windows.common-controls_6595b64144ccf1df_6.0.22000.120_none_9d947278b86cc467\COMCTL32.dll
0x00007ffcff010000 - 0x00007ffcff039000 	C:\WINDOWS\System32\GDI32.dll
0x00007ffcfd650000 - 0x00007ffcfd6f3000 	C:\WINDOWS\System32\msvcrt.dll
0x00007ffcfd000000 - 0x00007ffcfd112000 	C:\WINDOWS\System32\gdi32full.dll
0x00007ffcfd120000 - 0x00007ffcfd1bd000 	C:\WINDOWS\System32\msvcp_win.dll
0x00007ffcfe290000 - 0x00007ffcfe2c1000 	C:\WINDOWS\System32\IMM32.DLL
0x00007ffcc3350000 - 0x00007ffcc33ed000 	C:\Program Files\Android\Android Studio\jre\bin\msvcp140.dll
0x00007ffcbcdc0000 - 0x00007ffcbd88f000 	C:\Program Files\Android\Android Studio\jre\bin\server\jvm.dll
0x00007ffcfe9f0000 - 0x00007ffcfea9e000 	C:\WINDOWS\System32\ADVAPI32.dll
0x00007ffcff300000 - 0x00007ffcff39e000 	C:\WINDOWS\System32\sechost.dll
0x00007ffcfd770000 - 0x00007ffcfd890000 	C:\WINDOWS\System32\RPCRT4.dll
0x00007ffcff000000 - 0x00007ffcff008000 	C:\WINDOWS\System32\PSAPI.DLL
0x00007ffce78f0000 - 0x00007ffce78f9000 	C:\WINDOWS\SYSTEM32\WSOCK32.dll
0x00007ffcfd700000 - 0x00007ffcfd76f000 	C:\WINDOWS\System32\WS2_32.dll
0x00007ffcf5a30000 - 0x00007ffcf5a63000 	C:\WINDOWS\SYSTEM32\WINMM.dll
0x00007ffcf4800000 - 0x00007ffcf480a000 	C:\WINDOWS\SYSTEM32\VERSION.dll
0x00007ffcfb9d0000 - 0x00007ffcfb9e8000 	C:\WINDOWS\SYSTEM32\kernel.appcore.dll
0x00007ffcdae20000 - 0x00007ffcdae31000 	C:\Program Files\Android\Android Studio\jre\bin\verify.dll
0x00007ffcfa560000 - 0x00007ffcfa781000 	C:\WINDOWS\SYSTEM32\DBGHELP.DLL
0x00007ffce4090000 - 0x00007ffce40c1000 	C:\WINDOWS\SYSTEM32\dbgcore.DLL
0x00007ffcfc8d0000 - 0x00007ffcfc94f000 	C:\WINDOWS\System32\bcryptPrimitives.dll
0x00007ffcc8020000 - 0x00007ffcc8049000 	C:\Program Files\Android\Android Studio\jre\bin\java.dll
0x00007ffce8ae0000 - 0x00007ffce8aeb000 	C:\Program Files\Android\Android Studio\jre\bin\jimage.dll
0x00007ffcd83f0000 - 0x00007ffcd8408000 	C:\Program Files\Android\Android Studio\jre\bin\zip.dll
0x00007ffcfdae0000 - 0x00007ffcfe28f000 	C:\WINDOWS\System32\SHELL32.dll
0x00007ffcfaa40000 - 0x00007ffcfb2a8000 	C:\WINDOWS\SYSTEM32\windows.storage.dll
0x00007ffcfe4b0000 - 0x00007ffcfe828000 	C:\WINDOWS\System32\combase.dll
0x00007ffcfa7b0000 - 0x00007ffcfa916000 	C:\WINDOWS\SYSTEM32\wintypes.dll
0x00007ffcfd4e0000 - 0x00007ffcfd5ca000 	C:\WINDOWS\System32\SHCORE.dll
0x00007ffcff040000 - 0x00007ffcff09d000 	C:\WINDOWS\System32\shlwapi.dll
0x00007ffcfc800000 - 0x00007ffcfc821000 	C:\WINDOWS\SYSTEM32\profapi.dll
0x00007ffcd82d0000 - 0x00007ffcd82ea000 	C:\Program Files\Android\Android Studio\jre\bin\net.dll
0x00007ffcf4c90000 - 0x00007ffcf4d9c000 	C:\WINDOWS\SYSTEM32\WINHTTP.dll
0x00007ffcfbe00000 - 0x00007ffcfbe67000 	C:\WINDOWS\system32\mswsock.dll
0x00007ffcd7370000 - 0x00007ffcd7384000 	C:\Program Files\Android\Android Studio\jre\bin\nio.dll
0x00007ffcdab40000 - 0x00007ffcdab67000 	C:\Users\Muhammad Kamran\.gradle\native\e1d6ef7f7dcc3fd88c89a11ec53ec762bb8ba0a96d01ffa2cd45eb1d1d8dd5c5\windows-amd64\native-platform.dll
0x00007ffccd630000 - 0x00007ffccd774000 	C:\Users\Muhammad Kamran\.gradle\native\0d407fdbe67a94daf76414ababcb853783967236a71b16ec16e742cd7a986fd3\windows-amd64\native-platform-file-events.dll
0x00007ffce6a10000 - 0x00007ffce6a1a000 	C:\Program Files\Android\Android Studio\jre\bin\management.dll
0x00007ffce65b0000 - 0x00007ffce65bc000 	C:\Program Files\Android\Android Studio\jre\bin\management_ext.dll
0x00007ffcfc050000 - 0x00007ffcfc068000 	C:\WINDOWS\SYSTEM32\CRYPTSP.dll
0x00007ffcfb930000 - 0x00007ffcfb965000 	C:\WINDOWS\system32\rsaenh.dll
0x00007ffcfbef0000 - 0x00007ffcfbf19000 	C:\WINDOWS\SYSTEM32\USERENV.dll
0x00007ffcfc1c0000 - 0x00007ffcfc1e7000 	C:\WINDOWS\SYSTEM32\bcrypt.dll
0x00007ffcfc040000 - 0x00007ffcfc04c000 	C:\WINDOWS\SYSTEM32\CRYPTBASE.dll
0x00007ffcfb500000 - 0x00007ffcfb52d000 	C:\WINDOWS\SYSTEM32\IPHLPAPI.DLL
0x00007ffcfe830000 - 0x00007ffcfe839000 	C:\WINDOWS\System32\NSI.dll
0x00007ffcf5690000 - 0x00007ffcf56a9000 	C:\WINDOWS\SYSTEM32\dhcpcsvc6.DLL
0x00007ffcf5d60000 - 0x00007ffcf5d7e000 	C:\WINDOWS\SYSTEM32\dhcpcsvc.DLL
0x00007ffcfb570000 - 0x00007ffcfb658000 	C:\WINDOWS\SYSTEM32\DNSAPI.dll

dbghelp: loaded successfully - version: 4.0.5 - missing functions: none
symbol engine: initialized successfully - sym options: 0x614 - pdb path: .;C:\Program Files\Android\Android Studio\jre\bin;C:\WINDOWS\SYSTEM32;C:\WINDOWS\WinSxS\amd64_microsoft.windows.common-controls_6595b64144ccf1df_6.0.22000.120_none_9d947278b86cc467;C:\Program Files\Android\Android Studio\jre\bin\server;C:\Users\Muhammad Kamran\.gradle\native\e1d6ef7f7dcc3fd88c89a11ec53ec762bb8ba0a96d01ffa2cd45eb1d1d8dd5c5\windows-amd64;C:\Users\Muhammad Kamran\.gradle\native\0d407fdbe67a94daf76414ababcb853783967236a71b16ec16e742cd7a986fd3\windows-amd64

VM Arguments:
jvm_args: --add-opens=java.base/java.util=ALL-UNNAMED --add-opens=java.base/java.lang=ALL-UNNAMED --add-opens=java.base/java.lang.invoke=ALL-UNNAMED --add-opens=java.base/java.util=ALL-UNNAMED --add-opens=java.prefs/java.util.prefs=ALL-UNNAMED --add-opens=java.prefs/java.util.prefs=ALL-UNNAMED --add-opens=java.base/java.nio.charset=ALL-UNNAMED --add-opens=java.base/java.net=ALL-UNNAMED --add-opens=java.base/java.util.concurrent.atomic=ALL-UNNAMED -Xmx1536M -Dfile.encoding=windows-1252 -Duser.country=US -Duser.language=en -Duser.variant 
java_command: org.gradle.launcher.daemon.bootstrap.GradleDaemon 7.4
java_class_path (initial): C:\Users\Muhammad Kamran\.gradle\wrapper\dists\gradle-7.4-all\aadb4xli5jkdsnukm30eibyiu\gradle-7.4\lib\gradle-launcher-7.4.jar
Launcher Type: SUN_STANDARD

[Global flags]
     intx CICompilerCount                          = 3                                         {product} {ergonomic}
     uint ConcGCThreads                            = 1                                         {product} {ergonomic}
     uint G1ConcRefinementThreads                  = 4                                         {product} {ergonomic}
   size_t G1HeapRegionSize                         = 1048576                                   {product} {ergonomic}
    uintx GCDrainStackTargetSize                   = 64                                        {product} {ergonomic}
   size_t InitialHeapSize                          = 266338304                                 {product} {ergonomic}
   size_t MarkStackSize                            = 4194304                                   {product} {ergonomic}
   size_t MaxHeapSize                              = 1610612736                                {product} {command line}
   size_t MaxNewSize                               = 965738496                                 {product} {ergonomic}
   size_t MinHeapDeltaBytes                        = 1048576                                   {product} {ergonomic}
    uintx NonNMethodCodeHeapSize                   = 5830732                                {pd product} {ergonomic}
    uintx NonProfiledCodeHeapSize                  = 122913754                              {pd product} {ergonomic}
    uintx ProfiledCodeHeapSize                     = 122913754                              {pd product} {ergonomic}
    uintx ReservedCodeCacheSize                    = 251658240                              {pd product} {ergonomic}
     bool SegmentedCodeCache                       = true                                      {product} {ergonomic}
     bool UseCompressedClassPointers               = true                                 {lp64_product} {ergonomic}
     bool UseCompressedOops                        = true                                 {lp64_product} {ergonomic}
     bool UseG1GC                                  = true                                      {product} {ergonomic}
     bool UseLargePagesIndividualAllocation        = false                                  {pd product} {ergonomic}

Logging:
Log output configuration:
 #0: stdout all=warning uptime,level,tags
 #1: stderr all=off uptime,level,tags

Environment Variables:
JAVA_HOME=C:\Program Files\Android\Android Studio\jre
CLASSPATH=C:\Users\Muhammad Kamran\Desktop\Flutter modules\chat\android\\gradle\wrapper\gradle-wrapper.jar
PATH=C:\Program Files\Common Files\Oracle\Java\javapath;C:\Program Files (x86)\Common Files\Oracle\Java\javapath;C:\WINDOWS\system32;C:\WINDOWS;C:\WINDOWS\System32\Wbem;C:\WINDOWS\System32\WindowsPowerShell\v1.0\;C:\WINDOWS\System32\OpenSSH\;C:\flutter\bin;C:\Program Files\Dart\dart-sdk\bin;C:\Program Files\Git\cmd;%JAVA_HOME$\bin;C:\Program Files\Microsoft SQL Server\150\Tools\Binn\;C:\Program Files (x86)\IncrediBuild;C:\Program Files\nodejs\;C:\Users\Muhammad Kamran\AppData\Local\Microsoft\WindowsApps;C:\Program Files\JetBrains\PyCharm Community Edition 2021.2\bin;;C:\Program Files\Dart\dart-sdk;C:\Program Files\Git\bin;C:\Users\Muhammad Kamran\AppData\Local\Programs\Microsoft VS Code\bin;C:\flutter\bin;C:\Users\Muhammad Kamran\AppData\Local\GitHubDesktop\bin;C:\Users\Muhammad Kamran\AppData\Roaming\npm;C:\flutter\bin\mingit\cmd
USERNAME=Muhammad Kamran
OS=Windows_NT
PROCESSOR_IDENTIFIER=Intel64 Family 6 Model 142 Stepping 9, GenuineIntel



---------------  S Y S T E M  ---------------

OS: Windows 10 , 64 bit Build 22000 (10.0.22000.675)
OS uptime: 0 days 23:05 hours

CPU:total 4 (initial active 4) (2 cores per cpu, 2 threads per core) family 6 model 142 stepping 9 microcode 0xea, cmov, cx8, fxsr, mmx, sse, sse2, sse3, ssse3, sse4.1, sse4.2, popcnt, avx, avx2, aes, clmul, erms, 3dnowpref, lzcnt, ht, tsc, tscinvbit, bmi1, bmi2, adx, fma

Memory: 4k page, system-wide physical 16166M (1769M free)
TotalPageFile size 16166M (AvailPageFile size 145M)
current process WorkingSet (physical memory assigned to process): 485M, peak: 510M
current process commit charge ("private bytes"): 541M, peak: 561M

vm_info: OpenJDK 64-Bit Server VM (11.0.10+0-b96-7249189) for windows-amd64 JRE (11.0.10+0-b96-7249189), built on Mar 31 2021 21:44:00 by "builder" with MS VC++ 14.0 (VS2015)

END.
