#
# There is insufficient memory for the Java Runtime Environment to continue.
# Native memory allocation (mmap) failed to map 266338304 bytes for G1 virtual space
# Possible reasons:
#   The system is out of physical RAM or swap space
#   The process is running with CompressedOops enabled, and the Java Heap may be blocking the growth of the native heap
# Possible solutions:
#   Reduce memory load on the system
#   Increase physical memory or swap space
#   Check if swap backing store is full
#   Decrease Java heap size (-Xmx/-Xms)
#   Decrease number of Java threads
#   Decrease Java thread stack sizes (-Xss)
#   Set larger code cache with -XX:ReservedCodeCacheSize=
#   JVM is running with Zero Based Compressed Oops mode in which the Java heap is
#     placed in the first 32GB address space. The Java Heap base address is the
#     maximum limit for the native heap growth. Please use -XX:HeapBaseMinAddress
#     to set the Java Heap base and to place the Java Heap above 32GB virtual address.
# This output file may be truncated or incomplete.
#
#  Out of Memory Error (os_windows.cpp:3532), pid=12408, tid=8344
#
# JRE version:  (17.0.2+8) (build )
# Java VM: Java HotSpot(TM) 64-Bit Server VM (17.0.2+8-LTS-86, mixed mode, sharing, tiered, compressed oops, compressed class ptrs, g1 gc, windows-amd64)
# No core dump will be written. Minidumps are not enabled by default on client versions of Windows
#

---------------  S U M M A R Y ------------

Command Line: -Dorg.gradle.appname=gradlew org.gradle.wrapper.GradleWrapperMain -q -Ptarget-platform=android-arm,android-arm64,android-x64 -Ptarget=lib\main.dart -Pbase-application-name=android.app.Application -Pdart-obfuscation=false -Ptrack-widget-creation=true -Ptree-shake-icons=true -Psplit-per-abi=true assembleRelease

Host: Intel(R) Core(TM) i7-7500U CPU @ 2.70GHz, 4 cores, 15G,  Windows 11 , 64 bit Build 22000 (10.0.22000.675)
Time: Sat May 28 17:46:54 2022 Pakistan Standard Time elapsed time: 0.013582 seconds (0d 0h 0m 0s)

---------------  T H R E A D  ---------------

Current thread (0x0000017477011390):  JavaThread "Unknown thread" [_thread_in_vm, id=8344, stack(0x000000601b100000,0x000000601b200000)]

Stack: [0x000000601b100000,0x000000601b200000]
Native frames: (J=compiled Java code, j=interpreted, Vv=VM code, C=native code)
V  [jvm.dll+0x670baa]
V  [jvm.dll+0x7cfcb4]
V  [jvm.dll+0x7d145e]
V  [jvm.dll+0x7d1ac3]
V  [jvm.dll+0x242bc5]
V  [jvm.dll+0x66dac9]
V  [jvm.dll+0x662412]
V  [jvm.dll+0x300c0b]
V  [jvm.dll+0x3081a6]
V  [jvm.dll+0x357d0e]
V  [jvm.dll+0x357f3f]
V  [jvm.dll+0x2d7ec8]
V  [jvm.dll+0x2d8e34]
V  [jvm.dll+0x7a18c1]
V  [jvm.dll+0x365a91]
V  [jvm.dll+0x780d2c]
V  [jvm.dll+0x3e845f]
V  [jvm.dll+0x3e9f01]
C  [jli.dll+0x527b]
C  [ucrtbase.dll+0x26c0c]
C  [KERNEL32.DLL+0x154e0]
C  [ntdll.dll+0x485b]


---------------  P R O C E S S  ---------------

Threads class SMR info:
_java_thread_list=0x00007ff8bd3f9858, length=0, elements={
}

Java Threads: ( => current thread )

Other Threads:
  0x0000017477061fe0 GCTaskThread "GC Thread#0" [stack: 0x000000601b200000,0x000000601b300000] [id=2172]
  0x0000017477072ab0 ConcurrentGCThread "G1 Main Marker" [stack: 0x000000601b300000,0x000000601b400000] [id=2788]
  0x0000017477073b60 ConcurrentGCThread "G1 Conc#0" [stack: 0x000000601b400000,0x000000601b500000] [id=7520]

[error occurred during error reporting (printing all threads), id 0xc0000005, EXCEPTION_ACCESS_VIOLATION (0xc0000005) at pc=0x00007ff8bcc488a7]

VM state: not at safepoint (not fully initialized)

VM Mutex/Monitor currently owned by a thread:  ([mutex/lock_event])
[0x000001747700ebf0] Heap_lock - owner thread: 0x0000017477011390

Heap address: 0x0000000703600000, size: 4042 MB, Compressed Oops mode: Zero based, Oop shift amount: 3

CDS archive(s) mapped at: [0x0000000000000000-0x0000000000000000-0x0000000000000000), size 0, SharedBaseAddress: 0x0000000800000000, ArchiveRelocationMode: 0.
Narrow klass base: 0x0000000000000000, Narrow klass shift: 0, Narrow klass range: 0x0

GC Precious Log:
<Empty>

Heap:
 garbage-first heap   total 0K, used 0K [0x0000000703600000, 0x0000000800000000)
  region size 2048K, 0 young (0K), 0 survivors (0K)

[error occurred during error reporting (printing heap information), id 0xc0000005, EXCEPTION_ACCESS_VIOLATION (0xc0000005) at pc=0x00007ff8bd029f19]

GC Heap History (0 events):
No events

Deoptimization events (0 events):
No events

Classes unloaded (0 events):
No events

Classes redefined (0 events):
No events

Internal exceptions (0 events):
No events

VM Operations (0 events):
No events

Events (1 events):
Event: 0.008 Loaded shared library C:\Program Files\Java\jdk-17.0.2\bin\java.dll


Dynamic libraries:
0x00007ff658d80000 - 0x00007ff658d90000 	C:\Program Files\Java\jdk-17.0.2\bin\java.exe
0x00007ff8f30c0000 - 0x00007ff8f32c9000 	C:\WINDOWS\SYSTEM32\ntdll.dll
0x00007ff8f1160000 - 0x00007ff8f121d000 	C:\WINDOWS\System32\KERNEL32.DLL
0x00007ff8f0a40000 - 0x00007ff8f0db9000 	C:\WINDOWS\System32\KERNELBASE.dll
0x00007ff8f0620000 - 0x00007ff8f0731000 	C:\WINDOWS\System32\ucrtbase.dll
0x00007ff8e18a0000 - 0x00007ff8e18ba000 	C:\Program Files\Java\jdk-17.0.2\bin\VCRUNTIME140.dll
0x00007ff8e1880000 - 0x00007ff8e1898000 	C:\Program Files\Java\jdk-17.0.2\bin\jli.dll
0x00007ff8f18d0000 - 0x00007ff8f197e000 	C:\WINDOWS\System32\ADVAPI32.dll
0x00007ff8f2230000 - 0x00007ff8f22d3000 	C:\WINDOWS\System32\msvcrt.dll
0x00007ff8f1280000 - 0x00007ff8f131e000 	C:\WINDOWS\System32\sechost.dll
0x00007ff8f2740000 - 0x00007ff8f2860000 	C:\WINDOWS\System32\RPCRT4.dll
0x00007ff8f2a80000 - 0x00007ff8f2c2c000 	C:\WINDOWS\System32\USER32.dll
0x00007ff8dbc10000 - 0x00007ff8dbeb5000 	C:\WINDOWS\WinSxS\amd64_microsoft.windows.common-controls_6595b64144ccf1df_6.0.22000.120_none_9d947278b86cc467\COMCTL32.dll
0x00007ff8f08a0000 - 0x00007ff8f08c6000 	C:\WINDOWS\System32\win32u.dll
0x00007ff8f2950000 - 0x00007ff8f2979000 	C:\WINDOWS\System32\GDI32.dll
0x00007ff8f0dc0000 - 0x00007ff8f0ed2000 	C:\WINDOWS\System32\gdi32full.dll
0x00007ff8f0740000 - 0x00007ff8f07dd000 	C:\WINDOWS\System32\msvcp_win.dll
0x00007ff8e2fc0000 - 0x00007ff8e2fca000 	C:\WINDOWS\SYSTEM32\VERSION.dll
0x00007ff8f1120000 - 0x00007ff8f1151000 	C:\WINDOWS\System32\IMM32.DLL
0x00007ff8ed4e0000 - 0x00007ff8ed4ec000 	C:\Program Files\Java\jdk-17.0.2\bin\vcruntime140_1.dll
0x00007ff8d5fb0000 - 0x00007ff8d603d000 	C:\Program Files\Java\jdk-17.0.2\bin\msvcp140.dll
0x00007ff8bc960000 - 0x00007ff8bd521000 	C:\Program Files\Java\jdk-17.0.2\bin\server\jvm.dll
0x00007ff8f2720000 - 0x00007ff8f2728000 	C:\WINDOWS\System32\PSAPI.DLL
0x00007ff8e8ff0000 - 0x00007ff8e9023000 	C:\WINDOWS\SYSTEM32\WINMM.dll
0x00007ff8daea0000 - 0x00007ff8daea9000 	C:\WINDOWS\SYSTEM32\WSOCK32.dll
0x00007ff8f22e0000 - 0x00007ff8f234f000 	C:\WINDOWS\System32\WS2_32.dll
0x00007ff8ef6b0000 - 0x00007ff8ef6c8000 	C:\WINDOWS\SYSTEM32\kernel.appcore.dll
0x00007ff8ec0c0000 - 0x00007ff8ec0ca000 	C:\Program Files\Java\jdk-17.0.2\bin\jimage.dll
0x00007ff8ee0e0000 - 0x00007ff8ee301000 	C:\WINDOWS\SYSTEM32\DBGHELP.DLL
0x00007ff8d9390000 - 0x00007ff8d93c1000 	C:\WINDOWS\SYSTEM32\dbgcore.DLL
0x00007ff8f0ee0000 - 0x00007ff8f0f5f000 	C:\WINDOWS\System32\bcryptPrimitives.dll
0x00007ff8de230000 - 0x00007ff8de255000 	C:\Program Files\Java\jdk-17.0.2\bin\java.dll

dbghelp: loaded successfully - version: 4.0.5 - missing functions: none
symbol engine: initialized successfully - sym options: 0x614 - pdb path: .;C:\Program Files\Java\jdk-17.0.2\bin;C:\WINDOWS\SYSTEM32;C:\WINDOWS\WinSxS\amd64_microsoft.windows.common-controls_6595b64144ccf1df_6.0.22000.120_none_9d947278b86cc467;C:\Program Files\Java\jdk-17.0.2\bin\server

VM Arguments:
jvm_args: -Dorg.gradle.appname=gradlew 
java_command: org.gradle.wrapper.GradleWrapperMain -q -Ptarget-platform=android-arm,android-arm64,android-x64 -Ptarget=lib\main.dart -Pbase-application-name=android.app.Application -Pdart-obfuscation=false -Ptrack-widget-creation=true -Ptree-shake-icons=true -Psplit-per-abi=true assembleRelease
java_class_path (initial): C:\Users\Muhammad Kamran\Desktop\Flutter modules\chat\android\\gradle\wrapper\gradle-wrapper.jar
Launcher Type: SUN_STANDARD

[Global flags]
     intx CICompilerCount                          = 3                                         {product} {ergonomic}
     uint ConcGCThreads                            = 1                                         {product} {ergonomic}
     uint G1ConcRefinementThreads                  = 4                                         {product} {ergonomic}
   size_t G1HeapRegionSize                         = 2097152                                   {product} {ergonomic}
    uintx GCDrainStackTargetSize                   = 64                                        {product} {ergonomic}
   size_t InitialHeapSize                          = 266338304                                 {product} {ergonomic}
   size_t MarkStackSize                            = 4194304                                   {product} {ergonomic}
   size_t MaxHeapSize                              = 4238344192                                {product} {ergonomic}
   size_t MinHeapDeltaBytes                        = 2097152                                   {product} {ergonomic}
   size_t MinHeapSize                              = 8388608                                   {product} {ergonomic}
    uintx NonNMethodCodeHeapSize                   = 5832780                                {pd product} {ergonomic}
    uintx NonProfiledCodeHeapSize                  = 122912730                              {pd product} {ergonomic}
    uintx ProfiledCodeHeapSize                     = 122912730                              {pd product} {ergonomic}
    uintx ReservedCodeCacheSize                    = 251658240                              {pd product} {ergonomic}
     bool SegmentedCodeCache                       = true                                      {product} {ergonomic}
   size_t SoftMaxHeapSize                          = 4238344192                             {manageable} {ergonomic}
     bool UseCompressedClassPointers               = true                           {product lp64_product} {ergonomic}
     bool UseCompressedOops                        = true                           {product lp64_product} {ergonomic}
     bool UseG1GC                                  = true                                      {product} {ergonomic}
     bool UseLargePagesIndividualAllocation        = false                                  {pd product} {ergonomic}

Logging:
Log output configuration:
 #0: stdout all=warning uptime,level,tags
 #1: stderr all=off uptime,level,tags

Environment Variables:
JAVA_HOME=C:\Program Files\Java\jdk-17.0.2
CLASSPATH=C:\Users\Muhammad Kamran\Desktop\Flutter modules\chat\android\\gradle\wrapper\gradle-wrapper.jar
PATH=C:\Program Files\Common Files\Oracle\Java\javapath;C:\Program Files (x86)\Common Files\Oracle\Java\javapath;C:\WINDOWS\system32;C:\WINDOWS;C:\WINDOWS\System32\Wbem;C:\WINDOWS\System32\WindowsPowerShell\v1.0\;C:\WINDOWS\System32\OpenSSH\;C:\flutter\bin;C:\Program Files\Dart\dart-sdk\bin;C:\Program Files\Git\cmd;%JAVA_HOME$\bin;C:\Program Files\Microsoft SQL Server\150\Tools\Binn\;C:\Program Files (x86)\IncrediBuild;C:\Program Files\nodejs\;C:\Users\Muhammad Kamran\AppData\Local\Microsoft\WindowsApps;C:\Program Files\JetBrains\PyCharm Community Edition 2021.2\bin;;C:\Program Files\Dart\dart-sdk;C:\Program Files\Git\bin;C:\Users\Muhammad Kamran\AppData\Local\Programs\Microsoft VS Code\bin;C:\flutter\bin;C:\Users\Muhammad Kamran\AppData\Local\GitHubDesktop\bin;C:\Users\Muhammad Kamran\AppData\Roaming\npm;C:\flutter\bin\mingit\cmd
USERNAME=Muhammad Kamran
LANG=en_US.UTF-8
OS=Windows_NT
PROCESSOR_IDENTIFIER=Intel64 Family 6 Model 142 Stepping 9, GenuineIntel



---------------  S Y S T E M  ---------------

OS:
 Windows 11 , 64 bit Build 22000 (10.0.22000.675)
OS uptime: 0 days 3:44 hours

CPU: total 4 (initial active 4) (2 cores per cpu, 2 threads per core) family 6 model 142 stepping 9 microcode 0xea, cx8, cmov, fxsr, ht, mmx, 3dnowpref, sse, sse2, sse3, ssse3, sse4.1, sse4.2, popcnt, lzcnt, tsc, tscinvbit, avx, avx2, aes, erms, clmul, bmi1, bmi2, adx, fma, vzeroupper, clflush, clflushopt

Memory: 4k page, system-wide physical 16166M (1694M free)
TotalPageFile size 16166M (AvailPageFile size 53M)
current process WorkingSet (physical memory assigned to process): 10M, peak: 10M
current process commit charge ("private bytes"): 51M, peak: 305M

vm_info: Java HotSpot(TM) 64-Bit Server VM (17.0.2+8-LTS-86) for windows-amd64 JRE (17.0.2+8-LTS-86), built on Dec  7 2021 21:51:03 by "mach5one" with MS VC++ 16.8 / 16.9 (VS2019)

END.
